This file contains any messages produced by compilers while
running configure, to aid debugging if configure makes a mistake.

It was created by GNU Autoconf configure 2.68, which was
generated by GNU Autoconf 2.68.  Invocation command line was

  $ ./configure --prefix=/Users/Shared/xbmc-depends/buildtools-native

## --------- ##
## Platform. ##
## --------- ##

hostname = Aruns-Mac.local
uname -m = x86_64
uname -r = 14.5.0
uname -s = Darwin
uname -v = Darwin Kernel Version 14.5.0: Wed Jul 29 02:26:53 PDT 2015; root:xnu-2782.40.9~1/RELEASE_X86_64

/usr/bin/uname -p = i386
/bin/uname -X     = unknown

/bin/arch              = unknown
/usr/bin/arch -k       = unknown
/usr/convex/getsysinfo = unknown
/usr/bin/hostinfo      = Mach kernel version:
	 Darwin Kernel Version 14.5.0: Wed Jul 29 02:26:53 PDT 2015; root:xnu-2782.40.9~1/RELEASE_X86_64
Kernel configured for up to 4 processors.
4 processors are physically available.
4 processors are logically available.
Processor type: x86_64h (Intel x86-64h Haswell)
Processors active: 0 1 2 3
Primary memory available: 8.00 gigabytes
Default processor set: 204 tasks, 882 threads, 4 processors
Load average: 3.80, Mach factor: 2.09
/bin/machine           = unknown
/usr/bin/oslevel       = unknown
/bin/universe          = unknown

PATH: /Applications/Xcode.app/Contents/Developer/bin
PATH: /Applications/Xcode.app/Contents/Developer/usr/bin
PATH: /Users/Shared/xbmc-depends/buildtools-native/bin
PATH: /Applications/Xcode.app/Contents/Developer/bin
PATH: /Applications/Xcode.app/Contents/Developer/usr/bin
PATH: /Users/Shared/xbmc-depends/buildtools-native/bin
PATH: /Applications/Xcode.app/Contents/Developer/bin
PATH: /Applications/Xcode.app/Contents/Developer/usr/bin
PATH: /Users/Shared/xbmc-depends/buildtools-native/bin
PATH: /Users/osx/.rvm/gems/ruby-2.3.0/bin
PATH: /Users/osx/.rvm/gems/ruby-2.3.0@global/bin
PATH: /Users/osx/.rvm/rubies/ruby-2.3.0/bin
PATH: /usr/local/bin
PATH: /usr/bin
PATH: /bin
PATH: /usr/sbin
PATH: /sbin
PATH: /opt/X11/bin
PATH: /usr/local/MacGPG2/bin
PATH: /Library/Frameworks/Mono.framework/Versions/Current/Commands
PATH: /Users/osx/Library/Android/sdk/tools
PATH: /Users/osx/Library/Android/sdk/platform-tools
PATH: /Users/osx/Android/android-ndk-r10e
PATH: /Users/osx/Library/Android/sdk/build-tools
PATH: /Users/osx/.rvm/bin


## ----------- ##
## Core tests. ##
## ----------- ##

configure:1634: loading site script /Users/Shared/xbmc-depends/buildtools-native/share/config.site
| LD="${LD:-/Applications/Xcode.app/Contents/Developer/usr/bin/ld}"
| CC="${CC:-/Applications/Xcode.app/Contents/Developer/usr/bin/gcc}"
| CXX="${CXX:-/Applications/Xcode.app/Contents/Developer/usr/bin/g++}"
| AR="${AR:-/usr/bin/ar}"
| RANLIB="${RANLIB:-/usr/bin/ranlib}"
| AS="${AS:-/usr/bin/as}"
| NM="${NM:-/usr/bin/nm}"
| STRIP="${STRIP:-/usr/bin/strip}"
| READELF="${READELF:-readelf}"
| OBJDUMP="${OBJDUMP:-objdump}"
| 
| CFLAGS="-I/Users/Shared/xbmc-depends/buildtools-native/include $CFLAGS"
| LDFLAGS="-L/Users/Shared/xbmc-depends/buildtools-native/lib $LDFLAGS"
| CPPFLAGS="-I/Users/Shared/xbmc-depends/buildtools-native/include $CPPFLAGS"
| CXXFLAGS="-I/Users/Shared/xbmc-depends/buildtools-native/include $CXXFLAGS"
| 
| PKG_CONFIG=/Users/Shared/xbmc-depends/buildtools-native/bin/pkg-config
| export PKG_CONFIG_LIBDIR=/Users/Shared/xbmc-depends/buildtools-native/lib/pkgconfig
| 
| PATH=/Users/Shared/xbmc-depends/buildtools-native/bin:$PATH
| if test -n "/Applications/Xcode.app/Contents/Developer"; then
|   PATH=/Applications/Xcode.app/Contents/Developer/usr/bin:/Applications/Xcode.app/Contents/Developer/bin:$PATH
| fi
| 
| LD_LIBRARY_PATH=/Users/Shared/xbmc-depends/buildtools-native/lib:$LD_LIBRARY_PATH
| NASM=/Users/Shared/xbmc-depends/buildtools-native/bin/yasm
configure:1778: checking for a BSD-compatible install
configure:1846: result: /usr/bin/install -c
configure:1857: checking whether build environment is sane
configure:1907: result: yes
configure:2048: checking for a thread-safe mkdir -p
configure:2087: result: build-aux/install-sh -c -d
configure:2100: checking for gawk
configure:2130: result: no
configure:2100: checking for mawk
configure:2130: result: no
configure:2100: checking for nawk
configure:2130: result: no
configure:2100: checking for awk
configure:2116: found /usr/bin/awk
configure:2127: result: awk
configure:2138: checking whether make sets $(MAKE)
configure:2160: result: yes
configure:2245: checking build system type
configure:2259: result: x86_64-apple-darwin14.5.0
configure:2279: checking host system type
configure:2292: result: x86_64-apple-darwin14.5.0
configure:2319: autobuild project... GNU Autoconf
configure:2325: autobuild revision... 2.68
configure:2330: autobuild hostname... Aruns-Mac.local
configure:2341: autobuild timestamp... 20170131T101806Z
configure:2369: checking whether /bin/sh -n is known to work
configure:2388: result: yes
configure:2392: checking for characters that cannot appear in file names
configure:2412: result: none
configure:2418: checking whether directories can have trailing spaces
configure:2432: result: yes
configure:2443: checking for expr
configure:2461: found /bin/expr
configure:2473: result: /bin/expr
configure:2492: checking for GNU M4 that supports accurate traces
configure:2534: result: /Users/Shared/xbmc-depends/buildtools-native/bin/m4
configure:2537: checking whether /Users/Shared/xbmc-depends/buildtools-native/bin/m4 accepts --gnu
configure:2547: result: yes
configure:2564: checking how m4 supports trace files
configure:2574: result: --debugfile
configure:2598: checking for perl
configure:2616: found /usr/bin/perl
configure:2629: result: /usr/bin/perl
configure:2648: checking whether /usr/bin/perl Fcntl::flock is implemented
configure:2662: result: yes
configure:2680: checking for emacs
configure:2696: found /usr/bin/emacs
configure:2707: result: emacs
configure:2725: checking whether emacs is sufficiently recent
configure:2735: $TEST_EMACS -batch -q -f batch-byte-compile conftest.el 1>&2

In broken-mode:
conftest.el:2:35:Warning: assignment to free variable `broken-defaults'
Wrote /Users/osx/Desktop/kodi/xbmc/tools/depends/native/autoconf-native/x86_64-osx-native/conftest.elc
configure:2738: $? = 0
configure:2746: result: yes
configure:2763: checking for emacs
configure:2790: result: emacs
configure:2814: checking where .elc files should go
configure:2827: $EMACS -batch -q -eval '(while load-path (princ (concat (car load-path) "\n")) (setq load-path (cdr load-path)))' </dev/null >conftest.out
configure:2830: $? = 0
configure:2843: result: ${datarootdir}/emacs/site-lisp
configure:2856: checking for grep that handles long lines and -e
configure:2914: result: /usr/bin/grep
configure:2919: checking for egrep
configure:2981: result: /usr/bin/grep -E
configure:2986: checking for a sed that does not truncate output
configure:3050: result: /usr/bin/sed
configure:3060: checking whether make is case sensitive
configure:3075: result: yes
configure:3254: creating ./config.status

## ---------------------- ##
## Running config.status. ##
## ---------------------- ##

This file was extended by GNU Autoconf config.status 2.68, which was
generated by GNU Autoconf 2.68.  Invocation command line was

  CONFIG_FILES    = 
  CONFIG_HEADERS  = 
  CONFIG_LINKS    = 
  CONFIG_COMMANDS = 
  $ ./config.status 

on Aruns-Mac.local

config.status:809: creating tests/Makefile
config.status:809: creating tests/atlocal
config.status:809: creating man/Makefile
config.status:809: creating lib/emacs/Makefile
config.status:809: creating Makefile
config.status:809: creating doc/Makefile
config.status:809: creating lib/Makefile
config.status:809: creating lib/Autom4te/Makefile
config.status:809: creating lib/autoscan/Makefile
config.status:809: creating lib/m4sugar/Makefile
config.status:809: creating lib/autoconf/Makefile
config.status:809: creating lib/autotest/Makefile
config.status:809: creating bin/Makefile
config.status:1012: executing tests/atconfig commands

## ---------------- ##
## Cache variables. ##
## ---------------- ##

ac_cv_build=x86_64-apple-darwin14.5.0
ac_cv_dir_trailing_space=yes
ac_cv_env_EMACSLOADPATH_set=
ac_cv_env_EMACSLOADPATH_value=
ac_cv_env_EMACS_set=
ac_cv_env_EMACS_value=
ac_cv_env_M4_set=
ac_cv_env_M4_value=
ac_cv_env_build_alias_set=
ac_cv_env_build_alias_value=
ac_cv_env_host_alias_set=
ac_cv_env_host_alias_value=
ac_cv_env_target_alias_set=
ac_cv_env_target_alias_value=
ac_cv_host=x86_64-apple-darwin14.5.0
ac_cv_path_EGREP='/usr/bin/grep -E'
ac_cv_path_EXPR=/bin/expr
ac_cv_path_GREP=/usr/bin/grep
ac_cv_path_M4=/Users/Shared/xbmc-depends/buildtools-native/bin/m4
ac_cv_path_PERL=/usr/bin/perl
ac_cv_path_SED=/usr/bin/sed
ac_cv_path_install='/usr/bin/install -c'
ac_cv_perl_flock_implemented=yes
ac_cv_prog_AWK=awk
ac_cv_prog_EMACS=emacs
ac_cv_prog_TEST_EMACS=emacs
ac_cv_prog_emacs_ok=yes
ac_cv_prog_gnu_m4_debugfile=--debugfile
ac_cv_prog_gnu_m4_gnu=yes
ac_cv_prog_make_make_case=yes
ac_cv_prog_make_make_set=yes
ac_cv_sh_n_works=yes
ac_cv_unsupported_fs_chars=
am_cv_lispdir='${datarootdir}/emacs/site-lisp'

## ----------------- ##
## Output variables. ##
## ----------------- ##

ACLOCAL='/Users/Shared/xbmc-depends/buildtools-native/bin/aclocal'
AMTAR='${SHELL} /Users/osx/Desktop/kodi/xbmc/tools/depends/native/autoconf-native/x86_64-osx-native/build-aux/missing --run tar'
AUTOCONF='/Users/Shared/xbmc-depends/buildtools-native/bin/autoconf'
AUTOHEADER='/Users/Shared/xbmc-depends/buildtools-native/bin/autoheader'
AUTOMAKE='/Users/Shared/xbmc-depends/buildtools-native/bin/automake'
AWK='awk'
CYGPATH_W='echo'
DEFS='-DPACKAGE_NAME=\"GNU\ Autoconf\" -DPACKAGE_TARNAME=\"autoconf\" -DPACKAGE_VERSION=\"2.68\" -DPACKAGE_STRING=\"GNU\ Autoconf\ 2.68\" -DPACKAGE_BUGREPORT=\"bug-autoconf@gnu.org\" -DPACKAGE_URL=\"http://www.gnu.org/software/autoconf/\" -DPACKAGE=\"autoconf\" -DVERSION=\"2.68\"'
ECHO_C='\c'
ECHO_N=''
ECHO_T=''
EGREP='/usr/bin/grep -E'
EMACS='emacs'
EMACSLOADPATH=''
EXPR='/bin/expr'
GREP='/usr/bin/grep'
HELP2MAN='${SHELL} /Users/osx/Desktop/kodi/xbmc/tools/depends/native/autoconf-native/x86_64-osx-native/build-aux/missing --run help2man'
INSTALL_DATA='${INSTALL} -m 644'
INSTALL_PROGRAM='${INSTALL}'
INSTALL_SCRIPT='${INSTALL}'
INSTALL_STRIP_PROGRAM='$(install_sh) -c -s'
LIBOBJS=''
LIBS=''
LTLIBOBJS=''
M4='/Users/Shared/xbmc-depends/buildtools-native/bin/m4'
M4_DEBUGFILE='--debugfile'
M4_GNU='--gnu'
MAKEINFO='${SHELL} /Users/osx/Desktop/kodi/xbmc/tools/depends/native/autoconf-native/x86_64-osx-native/build-aux/missing --run makeinfo'
MAKE_CASE_SENSITIVE_FALSE='#'
MAKE_CASE_SENSITIVE_TRUE=''
MKDIR_P='build-aux/install-sh -c -d'
PACKAGE='autoconf'
PACKAGE_BUGREPORT='bug-autoconf@gnu.org'
PACKAGE_NAME='GNU Autoconf'
PACKAGE_STRING='GNU Autoconf 2.68'
PACKAGE_TARNAME='autoconf'
PACKAGE_URL='http://www.gnu.org/software/autoconf/'
PACKAGE_VERSION='2.68'
PATH_SEPARATOR=':'
PERL='/usr/bin/perl'
PERL_FLOCK='yes'
SED='/usr/bin/sed'
SET_MAKE=''
SHELL='/bin/sh'
STRIP='/usr/bin/strip'
TEST_EMACS='emacs'
VERSION='2.68'
ac_cv_dir_trailing_space='yes'
ac_cv_sh_n_works='yes'
ac_cv_unsupported_fs_chars=''
am__isrc=''
am__leading_dot='.'
am__tar='${AMTAR} chof - "$$tardir"'
am__untar='${AMTAR} xf -'
bindir='${exec_prefix}/bin'
build='x86_64-apple-darwin14.5.0'
build_alias=''
build_cpu='x86_64'
build_os='darwin14.5.0'
build_vendor='apple'
datadir='${datarootdir}'
datarootdir='${prefix}/share'
docdir='${datarootdir}/doc/${PACKAGE_TARNAME}'
dvidir='${docdir}'
exec_prefix='${prefix}'
host='x86_64-apple-darwin14.5.0'
host_alias=''
host_cpu='x86_64'
host_os='darwin14.5.0'
host_vendor='apple'
htmldir='${docdir}'
includedir='${prefix}/include'
infodir='${datarootdir}/info'
install_sh='${SHELL} /Users/osx/Desktop/kodi/xbmc/tools/depends/native/autoconf-native/x86_64-osx-native/build-aux/install-sh'
libdir='${exec_prefix}/lib'
libexecdir='${exec_prefix}/libexec'
lispdir='${datarootdir}/emacs/site-lisp'
localedir='${datarootdir}/locale'
localstatedir='${prefix}/var'
mandir='${datarootdir}/man'
mkdir_p='$(top_builddir)/build-aux/install-sh -c -d'
oldincludedir='/usr/include'
pdfdir='${docdir}'
prefix='/Users/Shared/xbmc-depends/buildtools-native'
program_transform_name='s,x,x,'
psdir='${docdir}'
sbindir='${exec_prefix}/sbin'
sharedstatedir='${prefix}/com'
sysconfdir='${prefix}/etc'
target_alias=''

## ----------- ##
## confdefs.h. ##
## ----------- ##

/* confdefs.h */
#define PACKAGE_NAME "GNU Autoconf"
#define PACKAGE_TARNAME "autoconf"
#define PACKAGE_VERSION "2.68"
#define PACKAGE_STRING "GNU Autoconf 2.68"
#define PACKAGE_BUGREPORT "bug-autoconf@gnu.org"
#define PACKAGE_URL "http://www.gnu.org/software/autoconf/"
#define PACKAGE "autoconf"
#define VERSION "2.68"

configure: exit 0
