This file contains any messages produced by compilers while
running configure, to aid debugging if configure makes a mistake.

It was created by swig configure 2.0.8, which was
generated by GNU Autoconf 2.65.  Invocation command line was

  $ ./configure --prefix=/Users/Shared/xbmc-depends/buildtools-native --without-alllang --without-x --disable-ccache

## --------- ##
## Platform. ##
## --------- ##

hostname = Aruns-Mac.local
uname -m = x86_64
uname -r = 14.5.0
uname -s = Darwin
uname -v = Darwin Kernel Version 14.5.0: Wed Jul 29 02:26:53 PDT 2015; root:xnu-2782.40.9~1/RELEASE_X86_64

/usr/bin/uname -p = i386
/bin/uname -X     = unknown

/bin/arch              = unknown
/usr/bin/arch -k       = unknown
/usr/convex/getsysinfo = unknown
/usr/bin/hostinfo      = Mach kernel version:
	 Darwin Kernel Version 14.5.0: Wed Jul 29 02:26:53 PDT 2015; root:xnu-2782.40.9~1/RELEASE_X86_64
Kernel configured for up to 4 processors.
4 processors are physically available.
4 processors are logically available.
Processor type: x86_64h (Intel x86-64h Haswell)
Processors active: 0 1 2 3
Primary memory available: 8.00 gigabytes
Default processor set: 209 tasks, 936 threads, 4 processors
Load average: 1.60, Mach factor: 2.47
/bin/machine           = unknown
/usr/bin/oslevel       = unknown
/bin/universe          = unknown

PATH: /Applications/Xcode.app/Contents/Developer/bin
PATH: /Applications/Xcode.app/Contents/Developer/usr/bin
PATH: /Users/Shared/xbmc-depends/buildtools-native/bin
PATH: /Applications/Xcode.app/Contents/Developer/bin
PATH: /Applications/Xcode.app/Contents/Developer/usr/bin
PATH: /Users/Shared/xbmc-depends/buildtools-native/bin
PATH: /Applications/Xcode.app/Contents/Developer/bin
PATH: /Applications/Xcode.app/Contents/Developer/usr/bin
PATH: /Users/Shared/xbmc-depends/buildtools-native/bin
PATH: /Users/osx/.rvm/gems/ruby-2.3.0/bin
PATH: /Users/osx/.rvm/gems/ruby-2.3.0@global/bin
PATH: /Users/osx/.rvm/rubies/ruby-2.3.0/bin
PATH: /usr/local/bin
PATH: /usr/bin
PATH: /bin
PATH: /usr/sbin
PATH: /sbin
PATH: /opt/X11/bin
PATH: /usr/local/MacGPG2/bin
PATH: /Library/Frameworks/Mono.framework/Versions/Current/Commands
PATH: /Users/osx/Library/Android/sdk/tools
PATH: /Users/osx/Library/Android/sdk/platform-tools
PATH: /Users/osx/Android/android-ndk-r10e
PATH: /Users/osx/Library/Android/sdk/build-tools
PATH: /Users/osx/.rvm/bin


## ----------- ##
## Core tests. ##
## ----------- ##

configure:2488: loading site script /Users/Shared/xbmc-depends/buildtools-native/share/config.site
| LD="${LD:-/Applications/Xcode.app/Contents/Developer/usr/bin/ld}"
| CC="${CC:-/Applications/Xcode.app/Contents/Developer/usr/bin/gcc}"
| CXX="${CXX:-/Applications/Xcode.app/Contents/Developer/usr/bin/g++}"
| AR="${AR:-/usr/bin/ar}"
| RANLIB="${RANLIB:-/usr/bin/ranlib}"
| AS="${AS:-/usr/bin/as}"
| NM="${NM:-/usr/bin/nm}"
| STRIP="${STRIP:-/usr/bin/strip}"
| READELF="${READELF:-readelf}"
| OBJDUMP="${OBJDUMP:-objdump}"
| 
| CFLAGS="-I/Users/Shared/xbmc-depends/buildtools-native/include $CFLAGS"
| LDFLAGS="-L/Users/Shared/xbmc-depends/buildtools-native/lib $LDFLAGS"
| CPPFLAGS="-I/Users/Shared/xbmc-depends/buildtools-native/include $CPPFLAGS"
| CXXFLAGS="-I/Users/Shared/xbmc-depends/buildtools-native/include $CXXFLAGS"
| 
| PKG_CONFIG=/Users/Shared/xbmc-depends/buildtools-native/bin/pkg-config
| export PKG_CONFIG_LIBDIR=/Users/Shared/xbmc-depends/buildtools-native/lib/pkgconfig
| 
| PATH=/Users/Shared/xbmc-depends/buildtools-native/bin:$PATH
| if test -n "/Applications/Xcode.app/Contents/Developer"; then
|   PATH=/Applications/Xcode.app/Contents/Developer/usr/bin:/Applications/Xcode.app/Contents/Developer/bin:$PATH
| fi
| 
| LD_LIBRARY_PATH=/Users/Shared/xbmc-depends/buildtools-native/lib:$LD_LIBRARY_PATH
| NASM=/Users/Shared/xbmc-depends/buildtools-native/bin/yasm
configure:2613: checking build system type
configure:2627: result: i386-apple-darwin14.5.0
configure:2647: checking host system type
configure:2660: result: i386-apple-darwin14.5.0
configure:2696: checking for a BSD-compatible install
configure:2764: result: /usr/bin/install -c
configure:2775: checking whether build environment is sane
configure:2825: result: yes
configure:2966: checking for a thread-safe mkdir -p
configure:3005: result: Tools/config/install-sh -c -d
configure:3018: checking for gawk
configure:3048: result: no
configure:3018: checking for mawk
configure:3048: result: no
configure:3018: checking for nawk
configure:3048: result: no
configure:3018: checking for awk
configure:3034: found /usr/bin/awk
configure:3045: result: awk
configure:3056: checking whether make sets $(MAKE)
configure:3078: result: yes
configure:3209: checking for gcc
configure:3236: result: /Applications/Xcode.app/Contents/Developer/usr/bin/gcc
configure:3465: checking for C compiler version
configure:3474: /Applications/Xcode.app/Contents/Developer/usr/bin/gcc --version >&5
Apple LLVM version 7.0.2 (clang-700.1.81)
Target: x86_64-apple-darwin14.5.0
Thread model: posix
Configured with: --prefix=/Applications/Xcode.app/Contents/Developer/usr --with-gxx-include-dir=/usr/include/c++/4.2.1
configure:3485: $? = 0
configure:3474: /Applications/Xcode.app/Contents/Developer/usr/bin/gcc -v >&5
Configured with: --prefix=/Applications/Xcode.app/Contents/Developer/usr --with-gxx-include-dir=/usr/include/c++/4.2.1
Apple LLVM version 7.0.2 (clang-700.1.81)
Target: x86_64-apple-darwin14.5.0
Thread model: posix
configure:3485: $? = 0
configure:3474: /Applications/Xcode.app/Contents/Developer/usr/bin/gcc -V >&5
clang: error: argument to '-V' is missing (expected 1 value)
clang: error: no input files
configure:3485: $? = 1
configure:3474: /Applications/Xcode.app/Contents/Developer/usr/bin/gcc -qversion >&5
clang: error: unknown argument: '-qversion'
clang: error: no input files
configure:3485: $? = 1
configure:3505: checking whether the C compiler works
configure:3527: /Applications/Xcode.app/Contents/Developer/usr/bin/gcc -I/Users/Shared/xbmc-depends/buildtools-native/include  -I/Users/Shared/xbmc-depends/buildtools-native/include  -L/Users/Shared/xbmc-depends/buildtools-native/lib  conftest.c  >&5
configure:3531: $? = 0
configure:3580: result: yes
configure:3583: checking for C compiler default output file name
configure:3585: result: a.out
configure:3591: checking for suffix of executables
configure:3598: /Applications/Xcode.app/Contents/Developer/usr/bin/gcc -o conftest -I/Users/Shared/xbmc-depends/buildtools-native/include  -I/Users/Shared/xbmc-depends/buildtools-native/include  -L/Users/Shared/xbmc-depends/buildtools-native/lib  conftest.c  >&5
configure:3602: $? = 0
configure:3624: result: 
configure:3646: checking whether we are cross compiling
configure:3654: /Applications/Xcode.app/Contents/Developer/usr/bin/gcc -o conftest -I/Users/Shared/xbmc-depends/buildtools-native/include  -I/Users/Shared/xbmc-depends/buildtools-native/include  -L/Users/Shared/xbmc-depends/buildtools-native/lib  conftest.c  >&5
configure:3658: $? = 0
configure:3665: ./conftest
configure:3669: $? = 0
configure:3684: result: no
configure:3689: checking for suffix of object files
configure:3711: /Applications/Xcode.app/Contents/Developer/usr/bin/gcc -c -I/Users/Shared/xbmc-depends/buildtools-native/include  -I/Users/Shared/xbmc-depends/buildtools-native/include  conftest.c >&5
configure:3715: $? = 0
configure:3736: result: o
configure:3740: checking whether we are using the GNU C compiler
configure:3759: /Applications/Xcode.app/Contents/Developer/usr/bin/gcc -c -I/Users/Shared/xbmc-depends/buildtools-native/include  -I/Users/Shared/xbmc-depends/buildtools-native/include  conftest.c >&5
configure:3759: $? = 0
configure:3768: result: yes
configure:3777: checking whether /Applications/Xcode.app/Contents/Developer/usr/bin/gcc accepts -g
configure:3797: /Applications/Xcode.app/Contents/Developer/usr/bin/gcc -c -g -I/Users/Shared/xbmc-depends/buildtools-native/include  conftest.c >&5
configure:3797: $? = 0
configure:3838: result: yes
configure:3855: checking for /Applications/Xcode.app/Contents/Developer/usr/bin/gcc option to accept ISO C89
configure:3919: /Applications/Xcode.app/Contents/Developer/usr/bin/gcc  -c -I/Users/Shared/xbmc-depends/buildtools-native/include  -I/Users/Shared/xbmc-depends/buildtools-native/include  conftest.c >&5
configure:3919: $? = 0
configure:3932: result: none needed
configure:3963: checking for style of include used by make
configure:3991: result: GNU
configure:4016: checking dependency style of /Applications/Xcode.app/Contents/Developer/usr/bin/gcc
configure:4126: result: gcc3
configure:4253: checking for C++ compiler version
configure:4262: /Applications/Xcode.app/Contents/Developer/usr/bin/g++ --version >&5
Apple LLVM version 7.0.2 (clang-700.1.81)
Target: x86_64-apple-darwin14.5.0
Thread model: posix
Configured with: --prefix=/Applications/Xcode.app/Contents/Developer/usr --with-gxx-include-dir=/usr/include/c++/4.2.1
configure:4273: $? = 0
configure:4262: /Applications/Xcode.app/Contents/Developer/usr/bin/g++ -v >&5
Configured with: --prefix=/Applications/Xcode.app/Contents/Developer/usr --with-gxx-include-dir=/usr/include/c++/4.2.1
Apple LLVM version 7.0.2 (clang-700.1.81)
Target: x86_64-apple-darwin14.5.0
Thread model: posix
configure:4273: $? = 0
configure:4262: /Applications/Xcode.app/Contents/Developer/usr/bin/g++ -V >&5
clang: error: argument to '-V' is missing (expected 1 value)
clang: error: no input files
configure:4273: $? = 1
configure:4262: /Applications/Xcode.app/Contents/Developer/usr/bin/g++ -qversion >&5
clang: error: unknown argument: '-qversion'
clang: error: no input files
configure:4273: $? = 1
configure:4277: checking whether we are using the GNU C++ compiler
configure:4296: /Applications/Xcode.app/Contents/Developer/usr/bin/g++ -c -I/Users/Shared/xbmc-depends/buildtools-native/include  -I/Users/Shared/xbmc-depends/buildtools-native/include  conftest.cpp >&5
configure:4296: $? = 0
configure:4305: result: yes
configure:4314: checking whether /Applications/Xcode.app/Contents/Developer/usr/bin/g++ accepts -g
configure:4334: /Applications/Xcode.app/Contents/Developer/usr/bin/g++ -c -g -I/Users/Shared/xbmc-depends/buildtools-native/include  conftest.cpp >&5
configure:4334: $? = 0
configure:4375: result: yes
configure:4400: checking dependency style of /Applications/Xcode.app/Contents/Developer/usr/bin/g++
configure:4510: result: gcc3
configure:4528: checking whether /Applications/Xcode.app/Contents/Developer/usr/bin/gcc and cc understand -c and -o together
configure:4559: /Applications/Xcode.app/Contents/Developer/usr/bin/gcc -c conftest.c -o conftest2.o >&5
configure:4563: $? = 0
configure:4569: /Applications/Xcode.app/Contents/Developer/usr/bin/gcc -c conftest.c -o conftest2.o >&5
configure:4573: $? = 0
configure:4584: cc -c conftest.c >&5
configure:4588: $? = 0
configure:4596: cc -c conftest.c -o conftest2.o >&5
configure:4600: $? = 0
configure:4606: cc -c conftest.c -o conftest2.o >&5
configure:4610: $? = 0
configure:4628: result: yes
configure:4655: checking maximum warning verbosity option
configure:4693: result: -Wall -W -ansi -pedantic for C++ -Wall -W -ansi -pedantic for C
configure:4716: checking how to run the C preprocessor
configure:4747: /Applications/Xcode.app/Contents/Developer/usr/bin/gcc -E -I/Users/Shared/xbmc-depends/buildtools-native/include  conftest.c
configure:4747: $? = 0
configure:4761: /Applications/Xcode.app/Contents/Developer/usr/bin/gcc -E -I/Users/Shared/xbmc-depends/buildtools-native/include  conftest.c
conftest.c:13:10: fatal error: 'ac_nonexistent.h' file not found
#include <ac_nonexistent.h>
         ^
1 error generated.
configure:4761: $? = 1
configure: failed program was:
| /* confdefs.h */
| #define PACKAGE_NAME "swig"
| #define PACKAGE_TARNAME "swig"
| #define PACKAGE_VERSION "2.0.8"
| #define PACKAGE_STRING "swig 2.0.8"
| #define PACKAGE_BUGREPORT "http://www.swig.org"
| #define PACKAGE_URL ""
| #define PACKAGE "swig"
| #define VERSION "2.0.8"
| #define SWIG_CXX "/Applications/Xcode.app/Contents/Developer/usr/bin/g++"
| #define SWIG_PLATFORM "i386-apple-darwin14.5.0"
| /* end confdefs.h.  */
| #include <ac_nonexistent.h>
configure:4786: result: /Applications/Xcode.app/Contents/Developer/usr/bin/gcc -E
configure:4806: /Applications/Xcode.app/Contents/Developer/usr/bin/gcc -E -I/Users/Shared/xbmc-depends/buildtools-native/include  conftest.c
configure:4806: $? = 0
configure:4820: /Applications/Xcode.app/Contents/Developer/usr/bin/gcc -E -I/Users/Shared/xbmc-depends/buildtools-native/include  conftest.c
conftest.c:13:10: fatal error: 'ac_nonexistent.h' file not found
#include <ac_nonexistent.h>
         ^
1 error generated.
configure:4820: $? = 1
configure: failed program was:
| /* confdefs.h */
| #define PACKAGE_NAME "swig"
| #define PACKAGE_TARNAME "swig"
| #define PACKAGE_VERSION "2.0.8"
| #define PACKAGE_STRING "swig 2.0.8"
| #define PACKAGE_BUGREPORT "http://www.swig.org"
| #define PACKAGE_URL ""
| #define PACKAGE "swig"
| #define VERSION "2.0.8"
| #define SWIG_CXX "/Applications/Xcode.app/Contents/Developer/usr/bin/g++"
| #define SWIG_PLATFORM "i386-apple-darwin14.5.0"
| /* end confdefs.h.  */
| #include <ac_nonexistent.h>
configure:4849: checking for grep that handles long lines and -e
configure:4907: result: /usr/bin/grep
configure:4912: checking for egrep
configure:4974: result: /usr/bin/grep -E
configure:4979: checking for ANSI C header files
configure:4999: /Applications/Xcode.app/Contents/Developer/usr/bin/gcc -c -I/Users/Shared/xbmc-depends/buildtools-native/include  -Wall -W -ansi -pedantic -I/Users/Shared/xbmc-depends/buildtools-native/include  conftest.c >&5
configure:4999: $? = 0
configure:5072: /Applications/Xcode.app/Contents/Developer/usr/bin/gcc -o conftest -I/Users/Shared/xbmc-depends/buildtools-native/include  -Wall -W -ansi -pedantic -I/Users/Shared/xbmc-depends/buildtools-native/include  -L/Users/Shared/xbmc-depends/buildtools-native/lib  conftest.c  >&5
configure:5072: $? = 0
configure:5072: ./conftest
configure:5072: $? = 0
configure:5083: result: yes
configure:5104: checking for sys/types.h
configure:5104: /Applications/Xcode.app/Contents/Developer/usr/bin/g++ -c -I/Users/Shared/xbmc-depends/buildtools-native/include  -Wall -W -ansi -pedantic -I/Users/Shared/xbmc-depends/buildtools-native/include  conftest.cpp >&5
configure:5104: $? = 0
configure:5104: result: yes
configure:5104: checking for sys/stat.h
configure:5104: /Applications/Xcode.app/Contents/Developer/usr/bin/g++ -c -I/Users/Shared/xbmc-depends/buildtools-native/include  -Wall -W -ansi -pedantic -I/Users/Shared/xbmc-depends/buildtools-native/include  conftest.cpp >&5
configure:5104: $? = 0
configure:5104: result: yes
configure:5104: checking for stdlib.h
configure:5104: /Applications/Xcode.app/Contents/Developer/usr/bin/g++ -c -I/Users/Shared/xbmc-depends/buildtools-native/include  -Wall -W -ansi -pedantic -I/Users/Shared/xbmc-depends/buildtools-native/include  conftest.cpp >&5
configure:5104: $? = 0
configure:5104: result: yes
configure:5104: checking for string.h
configure:5104: /Applications/Xcode.app/Contents/Developer/usr/bin/g++ -c -I/Users/Shared/xbmc-depends/buildtools-native/include  -Wall -W -ansi -pedantic -I/Users/Shared/xbmc-depends/buildtools-native/include  conftest.cpp >&5
configure:5104: $? = 0
configure:5104: result: yes
configure:5104: checking for memory.h
configure:5104: /Applications/Xcode.app/Contents/Developer/usr/bin/g++ -c -I/Users/Shared/xbmc-depends/buildtools-native/include  -Wall -W -ansi -pedantic -I/Users/Shared/xbmc-depends/buildtools-native/include  conftest.cpp >&5
configure:5104: $? = 0
configure:5104: result: yes
configure:5104: checking for strings.h
configure:5104: /Applications/Xcode.app/Contents/Developer/usr/bin/g++ -c -I/Users/Shared/xbmc-depends/buildtools-native/include  -Wall -W -ansi -pedantic -I/Users/Shared/xbmc-depends/buildtools-native/include  conftest.cpp >&5
configure:5104: $? = 0
configure:5104: result: yes
configure:5104: checking for inttypes.h
configure:5104: /Applications/Xcode.app/Contents/Developer/usr/bin/g++ -c -I/Users/Shared/xbmc-depends/buildtools-native/include  -Wall -W -ansi -pedantic -I/Users/Shared/xbmc-depends/buildtools-native/include  conftest.cpp >&5
configure:5104: $? = 0
configure:5104: result: yes
configure:5104: checking for stdint.h
configure:5104: /Applications/Xcode.app/Contents/Developer/usr/bin/g++ -c -I/Users/Shared/xbmc-depends/buildtools-native/include  -Wall -W -ansi -pedantic -I/Users/Shared/xbmc-depends/buildtools-native/include  conftest.cpp >&5
configure:5104: $? = 0
configure:5104: result: yes
configure:5104: checking for unistd.h
configure:5104: /Applications/Xcode.app/Contents/Developer/usr/bin/g++ -c -I/Users/Shared/xbmc-depends/buildtools-native/include  -Wall -W -ansi -pedantic -I/Users/Shared/xbmc-depends/buildtools-native/include  conftest.cpp >&5
configure:5104: $? = 0
configure:5104: result: yes
configure:5117: checking for bool
configure:5117: /Applications/Xcode.app/Contents/Developer/usr/bin/g++ -c -I/Users/Shared/xbmc-depends/buildtools-native/include  -Wall -W -ansi -pedantic -I/Users/Shared/xbmc-depends/buildtools-native/include  conftest.cpp >&5
configure:5117: $? = 0
configure:5117: /Applications/Xcode.app/Contents/Developer/usr/bin/g++ -c -I/Users/Shared/xbmc-depends/buildtools-native/include  -Wall -W -ansi -pedantic -I/Users/Shared/xbmc-depends/buildtools-native/include  conftest.cpp >&5
conftest.cpp:59:19: error: expected expression
if (sizeof ((bool)))
                  ^
1 error generated.
configure:5117: $? = 1
configure: failed program was:
| /* confdefs.h */
| #define PACKAGE_NAME "swig"
| #define PACKAGE_TARNAME "swig"
| #define PACKAGE_VERSION "2.0.8"
| #define PACKAGE_STRING "swig 2.0.8"
| #define PACKAGE_BUGREPORT "http://www.swig.org"
| #define PACKAGE_URL ""
| #define PACKAGE "swig"
| #define VERSION "2.0.8"
| #define SWIG_CXX "/Applications/Xcode.app/Contents/Developer/usr/bin/g++"
| #define SWIG_PLATFORM "i386-apple-darwin14.5.0"
| #define STDC_HEADERS 1
| #define HAVE_SYS_TYPES_H 1
| #define HAVE_SYS_STAT_H 1
| #define HAVE_STDLIB_H 1
| #define HAVE_STRING_H 1
| #define HAVE_MEMORY_H 1
| #define HAVE_STRINGS_H 1
| #define HAVE_INTTYPES_H 1
| #define HAVE_STDINT_H 1
| #define HAVE_UNISTD_H 1
| /* end confdefs.h.  */
| #include <stdio.h>
| #ifdef HAVE_SYS_TYPES_H
| # include <sys/types.h>
| #endif
| #ifdef HAVE_SYS_STAT_H
| # include <sys/stat.h>
| #endif
| #ifdef STDC_HEADERS
| # include <stdlib.h>
| # include <stddef.h>
| #else
| # ifdef HAVE_STDLIB_H
| #  include <stdlib.h>
| # endif
| #endif
| #ifdef HAVE_STRING_H
| # if !defined STDC_HEADERS && defined HAVE_MEMORY_H
| #  include <memory.h>
| # endif
| # include <string.h>
| #endif
| #ifdef HAVE_STRINGS_H
| # include <strings.h>
| #endif
| #ifdef HAVE_INTTYPES_H
| # include <inttypes.h>
| #endif
| #ifdef HAVE_STDINT_H
| # include <stdint.h>
| #endif
| #ifdef HAVE_UNISTD_H
| # include <unistd.h>
| #endif
| int
| main ()
| {
| if (sizeof ((bool)))
| 	    return 0;
|   ;
|   return 0;
| }
configure:5117: result: yes
configure:5144: checking for popen
configure:5144: /Applications/Xcode.app/Contents/Developer/usr/bin/gcc -o conftest -I/Users/Shared/xbmc-depends/buildtools-native/include  -Wall -W -ansi -pedantic -I/Users/Shared/xbmc-depends/buildtools-native/include  -L/Users/Shared/xbmc-depends/buildtools-native/lib  conftest.c  >&5
configure:5144: $? = 0
configure:5144: result: yes
configure:5168: checking whether to enable PCRE support
configure:5170: result: yes
configure:5174: checking whether to use local PCRE
configure:5183: result: no
configure:5186: checking for a sed that does not truncate output
configure:5250: result: /usr/bin/sed
configure:5320: checking for pcre-config
configure:5338: found /Users/Shared/xbmc-depends/buildtools-native/bin/pcre-config
configure:5350: result: /Users/Shared/xbmc-depends/buildtools-native/bin/pcre-config
configure:5520: checking whether to enable ccache-swig
configure:5522: result: no
configure:5544: checking for bison
configure:5560: found /usr/bin/bison
configure:5571: result: bison -y
configure:5626: checking for ranlib
configure:5653: result: /usr/bin/ranlib
configure:5679: checking for ar
configure:5706: result: /usr/bin/ar
configure:5723: checking for yodl2man
configure:5753: result: no
configure:5765: checking for yodl2html
configure:5795: result: no
configure:5859: checking for boostlib >= 1.20.0
configure:5928: /Applications/Xcode.app/Contents/Developer/usr/bin/g++ -c -I/Users/Shared/xbmc-depends/buildtools-native/include  -Wall -W -ansi -pedantic -I/Users/Shared/xbmc-depends/buildtools-native/include  -I/Users/Shared/xbmc-depends/buildtools-native/include -DPCRE_STATIC  conftest.cpp >&5
conftest.cpp:27:14: fatal error: 'boost/version.hpp' file not found
    #include <boost/version.hpp>
             ^
1 error generated.
configure:5928: $? = 1
configure: failed program was:
| /* confdefs.h */
| #define PACKAGE_NAME "swig"
| #define PACKAGE_TARNAME "swig"
| #define PACKAGE_VERSION "2.0.8"
| #define PACKAGE_STRING "swig 2.0.8"
| #define PACKAGE_BUGREPORT "http://www.swig.org"
| #define PACKAGE_URL ""
| #define PACKAGE "swig"
| #define VERSION "2.0.8"
| #define SWIG_CXX "/Applications/Xcode.app/Contents/Developer/usr/bin/g++"
| #define SWIG_PLATFORM "i386-apple-darwin14.5.0"
| #define STDC_HEADERS 1
| #define HAVE_SYS_TYPES_H 1
| #define HAVE_SYS_STAT_H 1
| #define HAVE_STDLIB_H 1
| #define HAVE_STRING_H 1
| #define HAVE_MEMORY_H 1
| #define HAVE_STRINGS_H 1
| #define HAVE_INTTYPES_H 1
| #define HAVE_STDINT_H 1
| #define HAVE_UNISTD_H 1
| #define HAVE_BOOL 1
| #define HAVE_POPEN 1
| #define HAVE_PCRE 1
| /* end confdefs.h.  */
| 
|     #include <boost/version.hpp>
| 
| int
| main ()
| {
| 
|     #if BOOST_VERSION >= 102000
|     // Everything is okay
|     #else
|     #  error Boost version is too old
|     #endif
| 
|   ;
|   return 0;
| }
configure:6034: /Applications/Xcode.app/Contents/Developer/usr/bin/g++ -c -I/Users/Shared/xbmc-depends/buildtools-native/include  -Wall -W -ansi -pedantic -I/Users/Shared/xbmc-depends/buildtools-native/include  -I/Users/Shared/xbmc-depends/buildtools-native/include -DPCRE_STATIC  -I/include/boost-0 conftest.cpp >&5
conftest.cpp:27:18: fatal error: 'boost/version.hpp' file not found
        #include <boost/version.hpp>
                 ^
1 error generated.
configure:6034: $? = 1
configure: failed program was:
| /* confdefs.h */
| #define PACKAGE_NAME "swig"
| #define PACKAGE_TARNAME "swig"
| #define PACKAGE_VERSION "2.0.8"
| #define PACKAGE_STRING "swig 2.0.8"
| #define PACKAGE_BUGREPORT "http://www.swig.org"
| #define PACKAGE_URL ""
| #define PACKAGE "swig"
| #define VERSION "2.0.8"
| #define SWIG_CXX "/Applications/Xcode.app/Contents/Developer/usr/bin/g++"
| #define SWIG_PLATFORM "i386-apple-darwin14.5.0"
| #define STDC_HEADERS 1
| #define HAVE_SYS_TYPES_H 1
| #define HAVE_SYS_STAT_H 1
| #define HAVE_STDLIB_H 1
| #define HAVE_STRING_H 1
| #define HAVE_MEMORY_H 1
| #define HAVE_STRINGS_H 1
| #define HAVE_INTTYPES_H 1
| #define HAVE_STDINT_H 1
| #define HAVE_UNISTD_H 1
| #define HAVE_BOOL 1
| #define HAVE_POPEN 1
| #define HAVE_PCRE 1
| /* end confdefs.h.  */
| 
|         #include <boost/version.hpp>
| 
| int
| main ()
| {
| 
|         #if BOOST_VERSION >= 102000
|         // Everything is okay
|         #else
|         #  error Boost version is too old
|         #endif
| 
|   ;
|   return 0;
| }
configure:6053: We could not detect the boost libraries (version 1.20 or higher). If you have a staged boost library (still not installed) please specify $BOOST_ROOT in your environment and do not give a PATH to --with-boost option.  If you are sure you have boost installed, then check your version number looking in <boost/version.hpp>. See http://randspringer.de/boost for more documentation.
configure:6088: checking SO
configure:6099: result: .bundle
configure:6106: checking LDSHARED
configure:6155: result: cc -bundle -undefined suppress -flat_namespace
configure:6161: checking CXXSHARED
configure:6167: result: cc -bundle -undefined suppress -flat_namespace
configure:6171: checking TRYLINKINGWITHCXX
configure:6196: result: CXXSHARED= /Applications/Xcode.app/Contents/Developer/usr/bin/g++ -bundle -undefined suppress -flat_namespace
configure:6200: checking CCSHARED
configure:6219: result: 
configure:6223: checking RPATH
configure:6234: result: 
configure:6240: checking LINKFORSHARED
configure:6254: result: 
configure:6258: checking PLATFLAGS
configure:6268: result: 
configure:6321: checking for dlopen in -ldl
configure:6346: /Applications/Xcode.app/Contents/Developer/usr/bin/gcc -o conftest -I/Users/Shared/xbmc-depends/buildtools-native/include  -Wall -W -ansi -pedantic -I/Users/Shared/xbmc-depends/buildtools-native/include  -I/Users/Shared/xbmc-depends/buildtools-native/include -DPCRE_STATIC -L/Users/Shared/xbmc-depends/buildtools-native/lib  conftest.c -ldl   -L/Users/Shared/xbmc-depends/buildtools-native/lib -lpcre >&5
configure:6346: $? = 0
configure:6355: result: yes
configure:6366: checking for shl_load in -ldld
configure:6391: /Applications/Xcode.app/Contents/Developer/usr/bin/gcc -o conftest -I/Users/Shared/xbmc-depends/buildtools-native/include  -Wall -W -ansi -pedantic -I/Users/Shared/xbmc-depends/buildtools-native/include  -I/Users/Shared/xbmc-depends/buildtools-native/include -DPCRE_STATIC -L/Users/Shared/xbmc-depends/buildtools-native/lib  conftest.c -ldld  -ldl  -L/Users/Shared/xbmc-depends/buildtools-native/lib -lpcre >&5
ld: library not found for -ldld
clang: error: linker command failed with exit code 1 (use -v to see invocation)
configure:6391: $? = 1
configure: failed program was:
| /* confdefs.h */
| #define PACKAGE_NAME "swig"
| #define PACKAGE_TARNAME "swig"
| #define PACKAGE_VERSION "2.0.8"
| #define PACKAGE_STRING "swig 2.0.8"
| #define PACKAGE_BUGREPORT "http://www.swig.org"
| #define PACKAGE_URL ""
| #define PACKAGE "swig"
| #define VERSION "2.0.8"
| #define SWIG_CXX "/Applications/Xcode.app/Contents/Developer/usr/bin/g++"
| #define SWIG_PLATFORM "i386-apple-darwin14.5.0"
| #define STDC_HEADERS 1
| #define HAVE_SYS_TYPES_H 1
| #define HAVE_SYS_STAT_H 1
| #define HAVE_STDLIB_H 1
| #define HAVE_STRING_H 1
| #define HAVE_MEMORY_H 1
| #define HAVE_STRINGS_H 1
| #define HAVE_INTTYPES_H 1
| #define HAVE_STDINT_H 1
| #define HAVE_UNISTD_H 1
| #define HAVE_BOOL 1
| #define HAVE_POPEN 1
| #define HAVE_PCRE 1
| #define HAVE_LIBDL 1
| /* end confdefs.h.  */
| 
| /* Override any GCC internal prototype to avoid an error.
|    Use char because int might match the return type of a GCC
|    builtin and then its argument prototype would still apply.  */
| #ifdef __cplusplus
| extern "C"
| #endif
| char shl_load ();
| int
| main ()
| {
| return shl_load ();
|   ;
|   return 0;
| }
configure:6400: result: no
configure:6412: checking for library containing t_open
configure:6443: /Applications/Xcode.app/Contents/Developer/usr/bin/gcc -o conftest -I/Users/Shared/xbmc-depends/buildtools-native/include  -Wall -W -ansi -pedantic -I/Users/Shared/xbmc-depends/buildtools-native/include  -I/Users/Shared/xbmc-depends/buildtools-native/include -DPCRE_STATIC -L/Users/Shared/xbmc-depends/buildtools-native/lib  conftest.c -ldl  -L/Users/Shared/xbmc-depends/buildtools-native/lib -lpcre >&5
Undefined symbols for architecture x86_64:
  "_t_open", referenced from:
      _main in conftest-c8dff0.o
ld: symbol(s) not found for architecture x86_64
clang: error: linker command failed with exit code 1 (use -v to see invocation)
configure:6443: $? = 1
configure: failed program was:
| /* confdefs.h */
| #define PACKAGE_NAME "swig"
| #define PACKAGE_TARNAME "swig"
| #define PACKAGE_VERSION "2.0.8"
| #define PACKAGE_STRING "swig 2.0.8"
| #define PACKAGE_BUGREPORT "http://www.swig.org"
| #define PACKAGE_URL ""
| #define PACKAGE "swig"
| #define VERSION "2.0.8"
| #define SWIG_CXX "/Applications/Xcode.app/Contents/Developer/usr/bin/g++"
| #define SWIG_PLATFORM "i386-apple-darwin14.5.0"
| #define STDC_HEADERS 1
| #define HAVE_SYS_TYPES_H 1
| #define HAVE_SYS_STAT_H 1
| #define HAVE_STDLIB_H 1
| #define HAVE_STRING_H 1
| #define HAVE_MEMORY_H 1
| #define HAVE_STRINGS_H 1
| #define HAVE_INTTYPES_H 1
| #define HAVE_STDINT_H 1
| #define HAVE_UNISTD_H 1
| #define HAVE_BOOL 1
| #define HAVE_POPEN 1
| #define HAVE_PCRE 1
| #define HAVE_LIBDL 1
| /* end confdefs.h.  */
| 
| /* Override any GCC internal prototype to avoid an error.
|    Use char because int might match the return type of a GCC
|    builtin and then its argument prototype would still apply.  */
| #ifdef __cplusplus
| extern "C"
| #endif
| char t_open ();
| int
| main ()
| {
| return t_open ();
|   ;
|   return 0;
| }
configure:6443: /Applications/Xcode.app/Contents/Developer/usr/bin/gcc -o conftest -I/Users/Shared/xbmc-depends/buildtools-native/include  -Wall -W -ansi -pedantic -I/Users/Shared/xbmc-depends/buildtools-native/include  -I/Users/Shared/xbmc-depends/buildtools-native/include -DPCRE_STATIC -L/Users/Shared/xbmc-depends/buildtools-native/lib  conftest.c -lnsl  -ldl  -L/Users/Shared/xbmc-depends/buildtools-native/lib -lpcre >&5
ld: library not found for -lnsl
clang: error: linker command failed with exit code 1 (use -v to see invocation)
configure:6443: $? = 1
configure: failed program was:
| /* confdefs.h */
| #define PACKAGE_NAME "swig"
| #define PACKAGE_TARNAME "swig"
| #define PACKAGE_VERSION "2.0.8"
| #define PACKAGE_STRING "swig 2.0.8"
| #define PACKAGE_BUGREPORT "http://www.swig.org"
| #define PACKAGE_URL ""
| #define PACKAGE "swig"
| #define VERSION "2.0.8"
| #define SWIG_CXX "/Applications/Xcode.app/Contents/Developer/usr/bin/g++"
| #define SWIG_PLATFORM "i386-apple-darwin14.5.0"
| #define STDC_HEADERS 1
| #define HAVE_SYS_TYPES_H 1
| #define HAVE_SYS_STAT_H 1
| #define HAVE_STDLIB_H 1
| #define HAVE_STRING_H 1
| #define HAVE_MEMORY_H 1
| #define HAVE_STRINGS_H 1
| #define HAVE_INTTYPES_H 1
| #define HAVE_STDINT_H 1
| #define HAVE_UNISTD_H 1
| #define HAVE_BOOL 1
| #define HAVE_POPEN 1
| #define HAVE_PCRE 1
| #define HAVE_LIBDL 1
| /* end confdefs.h.  */
| 
| /* Override any GCC internal prototype to avoid an error.
|    Use char because int might match the return type of a GCC
|    builtin and then its argument prototype would still apply.  */
| #ifdef __cplusplus
| extern "C"
| #endif
| char t_open ();
| int
| main ()
| {
| return t_open ();
|   ;
|   return 0;
| }
configure:6460: result: no
configure:6468: checking for library containing gethostbyname
configure:6499: /Applications/Xcode.app/Contents/Developer/usr/bin/gcc -o conftest -I/Users/Shared/xbmc-depends/buildtools-native/include  -Wall -W -ansi -pedantic -I/Users/Shared/xbmc-depends/buildtools-native/include  -I/Users/Shared/xbmc-depends/buildtools-native/include -DPCRE_STATIC -L/Users/Shared/xbmc-depends/buildtools-native/lib  conftest.c -ldl  -L/Users/Shared/xbmc-depends/buildtools-native/lib -lpcre >&5
configure:6499: $? = 0
configure:6516: result: none required
configure:6524: checking for library containing socket
configure:6555: /Applications/Xcode.app/Contents/Developer/usr/bin/gcc -o conftest -I/Users/Shared/xbmc-depends/buildtools-native/include  -Wall -W -ansi -pedantic -I/Users/Shared/xbmc-depends/buildtools-native/include  -I/Users/Shared/xbmc-depends/buildtools-native/include -DPCRE_STATIC -L/Users/Shared/xbmc-depends/buildtools-native/lib  conftest.c -ldl  -L/Users/Shared/xbmc-depends/buildtools-native/lib -lpcre >&5
configure:6555: $? = 0
configure:6572: result: none required
configure:6581: checking for swill_init in -lswill
configure:6606: /Applications/Xcode.app/Contents/Developer/usr/bin/gcc -o conftest -I/Users/Shared/xbmc-depends/buildtools-native/include  -Wall -W -ansi -pedantic -I/Users/Shared/xbmc-depends/buildtools-native/include  -I/Users/Shared/xbmc-depends/buildtools-native/include -DPCRE_STATIC -L/Users/Shared/xbmc-depends/buildtools-native/lib  conftest.c -lswill  -ldl  -L/Users/Shared/xbmc-depends/buildtools-native/lib -lpcre >&5
ld: library not found for -lswill
clang: error: linker command failed with exit code 1 (use -v to see invocation)
configure:6606: $? = 1
configure: failed program was:
| /* confdefs.h */
| #define PACKAGE_NAME "swig"
| #define PACKAGE_TARNAME "swig"
| #define PACKAGE_VERSION "2.0.8"
| #define PACKAGE_STRING "swig 2.0.8"
| #define PACKAGE_BUGREPORT "http://www.swig.org"
| #define PACKAGE_URL ""
| #define PACKAGE "swig"
| #define VERSION "2.0.8"
| #define SWIG_CXX "/Applications/Xcode.app/Contents/Developer/usr/bin/g++"
| #define SWIG_PLATFORM "i386-apple-darwin14.5.0"
| #define STDC_HEADERS 1
| #define HAVE_SYS_TYPES_H 1
| #define HAVE_SYS_STAT_H 1
| #define HAVE_STDLIB_H 1
| #define HAVE_STRING_H 1
| #define HAVE_MEMORY_H 1
| #define HAVE_STRINGS_H 1
| #define HAVE_INTTYPES_H 1
| #define HAVE_STDINT_H 1
| #define HAVE_UNISTD_H 1
| #define HAVE_BOOL 1
| #define HAVE_POPEN 1
| #define HAVE_PCRE 1
| #define HAVE_LIBDL 1
| /* end confdefs.h.  */
| 
| /* Override any GCC internal prototype to avoid an error.
|    Use char because int might match the return type of a GCC
|    builtin and then its argument prototype would still apply.  */
| #ifdef __cplusplus
| extern "C"
| #endif
| char swill_init ();
| int
| main ()
| {
| return swill_init ();
|   ;
|   return 0;
| }
configure:6615: result: no
configure:6637: checking for main in -lieee
configure:6656: /Applications/Xcode.app/Contents/Developer/usr/bin/gcc -o conftest -I/Users/Shared/xbmc-depends/buildtools-native/include  -Wall -W -ansi -pedantic -I/Users/Shared/xbmc-depends/buildtools-native/include  -I/Users/Shared/xbmc-depends/buildtools-native/include -DPCRE_STATIC -L/Users/Shared/xbmc-depends/buildtools-native/lib  conftest.c -lieee  -ldl  -L/Users/Shared/xbmc-depends/buildtools-native/lib -lpcre >&5
ld: library not found for -lieee
clang: error: linker command failed with exit code 1 (use -v to see invocation)
configure:6656: $? = 1
configure: failed program was:
| /* confdefs.h */
| #define PACKAGE_NAME "swig"
| #define PACKAGE_TARNAME "swig"
| #define PACKAGE_VERSION "2.0.8"
| #define PACKAGE_STRING "swig 2.0.8"
| #define PACKAGE_BUGREPORT "http://www.swig.org"
| #define PACKAGE_URL ""
| #define PACKAGE "swig"
| #define VERSION "2.0.8"
| #define SWIG_CXX "/Applications/Xcode.app/Contents/Developer/usr/bin/g++"
| #define SWIG_PLATFORM "i386-apple-darwin14.5.0"
| #define STDC_HEADERS 1
| #define HAVE_SYS_TYPES_H 1
| #define HAVE_SYS_STAT_H 1
| #define HAVE_STDLIB_H 1
| #define HAVE_STRING_H 1
| #define HAVE_MEMORY_H 1
| #define HAVE_STRINGS_H 1
| #define HAVE_INTTYPES_H 1
| #define HAVE_STDINT_H 1
| #define HAVE_UNISTD_H 1
| #define HAVE_BOOL 1
| #define HAVE_POPEN 1
| #define HAVE_PCRE 1
| #define HAVE_LIBDL 1
| /* end confdefs.h.  */
| 
| 
| int
| main ()
| {
| return main ();
|   ;
|   return 0;
| }
configure:6665: result: no
configure:6671: checking for crypt in -lcrypt
configure:6696: /Applications/Xcode.app/Contents/Developer/usr/bin/gcc -o conftest -I/Users/Shared/xbmc-depends/buildtools-native/include  -Wall -W -ansi -pedantic -I/Users/Shared/xbmc-depends/buildtools-native/include  -I/Users/Shared/xbmc-depends/buildtools-native/include -DPCRE_STATIC -L/Users/Shared/xbmc-depends/buildtools-native/lib  conftest.c -lcrypt  -ldl  -L/Users/Shared/xbmc-depends/buildtools-native/lib -lpcre >&5
ld: library not found for -lcrypt
clang: error: linker command failed with exit code 1 (use -v to see invocation)
configure:6696: $? = 1
configure: failed program was:
| /* confdefs.h */
| #define PACKAGE_NAME "swig"
| #define PACKAGE_TARNAME "swig"
| #define PACKAGE_VERSION "2.0.8"
| #define PACKAGE_STRING "swig 2.0.8"
| #define PACKAGE_BUGREPORT "http://www.swig.org"
| #define PACKAGE_URL ""
| #define PACKAGE "swig"
| #define VERSION "2.0.8"
| #define SWIG_CXX "/Applications/Xcode.app/Contents/Developer/usr/bin/g++"
| #define SWIG_PLATFORM "i386-apple-darwin14.5.0"
| #define STDC_HEADERS 1
| #define HAVE_SYS_TYPES_H 1
| #define HAVE_SYS_STAT_H 1
| #define HAVE_STDLIB_H 1
| #define HAVE_STRING_H 1
| #define HAVE_MEMORY_H 1
| #define HAVE_STRINGS_H 1
| #define HAVE_INTTYPES_H 1
| #define HAVE_STDINT_H 1
| #define HAVE_UNISTD_H 1
| #define HAVE_BOOL 1
| #define HAVE_POPEN 1
| #define HAVE_PCRE 1
| #define HAVE_LIBDL 1
| /* end confdefs.h.  */
| 
| /* Override any GCC internal prototype to avoid an error.
|    Use char because int might match the return type of a GCC
|    builtin and then its argument prototype would still apply.  */
| #ifdef __cplusplus
| extern "C"
| #endif
| char crypt ();
| int
| main ()
| {
| return crypt ();
|   ;
|   return 0;
| }
configure:6705: result: no
configure:6735: checking for X
configure:6913: result: disabled
configure:6948: checking for X11 header files
configure:6955: /Applications/Xcode.app/Contents/Developer/usr/bin/gcc -E -I/Users/Shared/xbmc-depends/buildtools-native/include  -I/Users/Shared/xbmc-depends/buildtools-native/include -DPCRE_STATIC conftest.c
conftest.c:27:10: fatal error: 'X11/Intrinsic.h' file not found
#include <X11/Intrinsic.h>
         ^
1 error generated.
configure:6955: $? = 1
configure: failed program was:
| /* confdefs.h */
| #define PACKAGE_NAME "swig"
| #define PACKAGE_TARNAME "swig"
| #define PACKAGE_VERSION "2.0.8"
| #define PACKAGE_STRING "swig 2.0.8"
| #define PACKAGE_BUGREPORT "http://www.swig.org"
| #define PACKAGE_URL ""
| #define PACKAGE "swig"
| #define VERSION "2.0.8"
| #define SWIG_CXX "/Applications/Xcode.app/Contents/Developer/usr/bin/g++"
| #define SWIG_PLATFORM "i386-apple-darwin14.5.0"
| #define STDC_HEADERS 1
| #define HAVE_SYS_TYPES_H 1
| #define HAVE_SYS_STAT_H 1
| #define HAVE_STDLIB_H 1
| #define HAVE_STRING_H 1
| #define HAVE_MEMORY_H 1
| #define HAVE_STRINGS_H 1
| #define HAVE_INTTYPES_H 1
| #define HAVE_STDINT_H 1
| #define HAVE_UNISTD_H 1
| #define HAVE_BOOL 1
| #define HAVE_POPEN 1
| #define HAVE_PCRE 1
| #define HAVE_LIBDL 1
| /* end confdefs.h.  */
| #include <X11/Intrinsic.h>
configure:6970: result:  -I/usr/X11/include
configure:6986: checking for X11 libraries
configure:7006: checking for XCreateWindow in -lXwindow
configure:7031: /Applications/Xcode.app/Contents/Developer/usr/bin/gcc -o conftest -I/Users/Shared/xbmc-depends/buildtools-native/include  -Wall -W -ansi -pedantic -I/Users/Shared/xbmc-depends/buildtools-native/include  -I/Users/Shared/xbmc-depends/buildtools-native/include -DPCRE_STATIC -L/Users/Shared/xbmc-depends/buildtools-native/lib  conftest.c -lXwindow  -ldl  -L/Users/Shared/xbmc-depends/buildtools-native/lib -lpcre >&5
ld: library not found for -lXwindow
clang: error: linker command failed with exit code 1 (use -v to see invocation)
configure:7031: $? = 1
configure: failed program was:
| /* confdefs.h */
| #define PACKAGE_NAME "swig"
| #define PACKAGE_TARNAME "swig"
| #define PACKAGE_VERSION "2.0.8"
| #define PACKAGE_STRING "swig 2.0.8"
| #define PACKAGE_BUGREPORT "http://www.swig.org"
| #define PACKAGE_URL ""
| #define PACKAGE "swig"
| #define VERSION "2.0.8"
| #define SWIG_CXX "/Applications/Xcode.app/Contents/Developer/usr/bin/g++"
| #define SWIG_PLATFORM "i386-apple-darwin14.5.0"
| #define STDC_HEADERS 1
| #define HAVE_SYS_TYPES_H 1
| #define HAVE_SYS_STAT_H 1
| #define HAVE_STDLIB_H 1
| #define HAVE_STRING_H 1
| #define HAVE_MEMORY_H 1
| #define HAVE_STRINGS_H 1
| #define HAVE_INTTYPES_H 1
| #define HAVE_STDINT_H 1
| #define HAVE_UNISTD_H 1
| #define HAVE_BOOL 1
| #define HAVE_POPEN 1
| #define HAVE_PCRE 1
| #define HAVE_LIBDL 1
| /* end confdefs.h.  */
| 
| /* Override any GCC internal prototype to avoid an error.
|    Use char because int might match the return type of a GCC
|    builtin and then its argument prototype would still apply.  */
| #ifdef __cplusplus
| extern "C"
| #endif
| char XCreateWindow ();
| int
| main ()
| {
| return XCreateWindow ();
|   ;
|   return 0;
| }
configure:7040: result: no
configure:7048: result: couldn't find any!  Using -lX11.
configure:7109: Disabling Tcl
configure:7259: Disabling Python
configure:7425: Disabling Python 3.x support
configure:7617: Disabling Perl5
configure:7756: Disabling Octave
configure:7847: result: could not figure out how to run octave
configure:7880: Disabling Java
configure:8105: Disabling GCJ
configure:8245: Disabling Android
configure:8495: Disabling Guile
configure:8688: Disabling MzScheme
configure:8819: Disabling Ruby
configure:8996: Disabling PHP
configure:9123: Disabling OCaml
configure:9470: Disabling Pike
configure:9637: Disabling CHICKEN
configure:9925: Disabling CSharp
configure:10282: Disabling Lua
configure:10566: Disabling Allegro CL
configure:10635: Disabling CLISP
configure:10704: Disabling R
configure:10770: Disabling Go
configure:10898: Disabling D
configure:11472: creating ./config.status

## ---------------------- ##
## Running config.status. ##
## ---------------------- ##

This file was extended by swig config.status 2.0.8, which was
generated by GNU Autoconf 2.65.  Invocation command line was

  CONFIG_FILES    = 
  CONFIG_HEADERS  = 
  CONFIG_LINKS    = 
  CONFIG_COMMANDS = 
  $ ./config.status 

on Aruns-Mac.local

config.status:1071: creating Makefile
config.status:1071: creating swig.spec
config.status:1071: creating Source/Makefile
config.status:1071: creating Examples/Makefile
config.status:1071: creating Examples/guile/Makefile
config.status:1071: creating Examples/xml/Makefile
config.status:1071: creating Examples/test-suite/chicken/Makefile
config.status:1071: creating Examples/test-suite/csharp/Makefile
config.status:1071: creating Examples/test-suite/d/Makefile
config.status:1071: creating Examples/test-suite/guile/Makefile
config.status:1071: creating Examples/test-suite/guilescm/Makefile
config.status:1071: creating Examples/test-suite/java/Makefile
config.status:1071: creating Examples/test-suite/mzscheme/Makefile
config.status:1071: creating Examples/test-suite/ocaml/Makefile
config.status:1071: creating Examples/test-suite/octave/Makefile
config.status:1071: creating Examples/test-suite/perl5/Makefile
config.status:1071: creating Examples/test-suite/php/Makefile
config.status:1071: creating Examples/test-suite/pike/Makefile
config.status:1071: creating Examples/test-suite/python/Makefile
config.status:1071: creating Examples/test-suite/ruby/Makefile
config.status:1071: creating Examples/test-suite/tcl/Makefile
config.status:1071: creating Examples/test-suite/lua/Makefile
config.status:1071: creating Examples/test-suite/allegrocl/Makefile
config.status:1071: creating Examples/test-suite/clisp/Makefile
config.status:1071: creating Examples/test-suite/cffi/Makefile
config.status:1071: creating Examples/test-suite/uffi/Makefile
config.status:1071: creating Examples/test-suite/r/Makefile
config.status:1071: creating Examples/test-suite/go/Makefile
config.status:1071: creating Lib/ocaml/swigp4.ml
config.status:1071: creating preinst-swig
config.status:1071: creating CCache/ccache_swig_config.h
config.status:1071: creating Source/Include/swigconfig.h
config.status:1291: executing depfiles commands

## ---------------- ##
## Cache variables. ##
## ---------------- ##

ac_cv_build=i386-apple-darwin14.5.0
ac_cv_c_compiler_gnu=yes
ac_cv_cxx_compiler_gnu=yes
ac_cv_env_CCC_set=
ac_cv_env_CCC_value=
ac_cv_env_CC_set=
ac_cv_env_CC_value=
ac_cv_env_CFLAGS_set=
ac_cv_env_CFLAGS_value=
ac_cv_env_CPPFLAGS_set=
ac_cv_env_CPPFLAGS_value=
ac_cv_env_CPP_set=
ac_cv_env_CPP_value=
ac_cv_env_CXXFLAGS_set=
ac_cv_env_CXXFLAGS_value=
ac_cv_env_CXX_set=
ac_cv_env_CXX_value=
ac_cv_env_LDFLAGS_set=
ac_cv_env_LDFLAGS_value=
ac_cv_env_LIBS_set=
ac_cv_env_LIBS_value=
ac_cv_env_PCRE_CFLAGS_set=
ac_cv_env_PCRE_CFLAGS_value=
ac_cv_env_PCRE_CONFIG_set=
ac_cv_env_PCRE_CONFIG_value=
ac_cv_env_PCRE_LIBS_set=
ac_cv_env_PCRE_LIBS_value=
ac_cv_env_XMKMF_set=
ac_cv_env_XMKMF_value=
ac_cv_env_YACC_set=
ac_cv_env_YACC_value=
ac_cv_env_YFLAGS_set=
ac_cv_env_YFLAGS_value=
ac_cv_env_build_alias_set=
ac_cv_env_build_alias_value=
ac_cv_env_host_alias_set=
ac_cv_env_host_alias_value=
ac_cv_env_target_alias_set=
ac_cv_env_target_alias_value=
ac_cv_func_popen=yes
ac_cv_header_inttypes_h=yes
ac_cv_header_memory_h=yes
ac_cv_header_stdc=yes
ac_cv_header_stdint_h=yes
ac_cv_header_stdlib_h=yes
ac_cv_header_string_h=yes
ac_cv_header_strings_h=yes
ac_cv_header_sys_stat_h=yes
ac_cv_header_sys_types_h=yes
ac_cv_header_unistd_h=yes
ac_cv_host=i386-apple-darwin14.5.0
ac_cv_lib_Xwindow_XCreateWindow=no
ac_cv_lib_crypt_crypt=no
ac_cv_lib_dl_dlopen=yes
ac_cv_lib_dld_shl_load=no
ac_cv_lib_ieee_main=no
ac_cv_lib_swill_swill_init=no
ac_cv_objext=o
ac_cv_path_EGREP='/usr/bin/grep -E'
ac_cv_path_GREP=/usr/bin/grep
ac_cv_path_PCRE_CONFIG=/Users/Shared/xbmc-depends/buildtools-native/bin/pcre-config
ac_cv_path_SED=/usr/bin/sed
ac_cv_path_install='/usr/bin/install -c'
ac_cv_prog_AR=/usr/bin/ar
ac_cv_prog_AWK=awk
ac_cv_prog_CPP='/Applications/Xcode.app/Contents/Developer/usr/bin/gcc -E'
ac_cv_prog_YACC='bison -y'
ac_cv_prog_ac_ct_CC=/Applications/Xcode.app/Contents/Developer/usr/bin/gcc
ac_cv_prog_ac_ct_RANLIB=/usr/bin/ranlib
ac_cv_prog_cc__Applications_Xcode_app_Contents_Developer_usr_bin_gcc_c_o=yes
ac_cv_prog_cc_c89=
ac_cv_prog_cc_g=yes
ac_cv_prog_cxx_g=yes
ac_cv_prog_make_make_set=yes
ac_cv_search_gethostbyname='none required'
ac_cv_search_socket='none required'
ac_cv_search_t_open=no
ac_cv_type_bool=yes
am_cv_CC_dependencies_compiler_type=gcc3
am_cv_CXX_dependencies_compiler_type=gcc3

## ----------------- ##
## Output variables. ##
## ----------------- ##

ACLOCAL='/Users/Shared/xbmc-depends/buildtools-native/bin/aclocal'
ADB=''
ALLEGROCLBIN=''
AMDEPBACKSLASH='\'
AMDEP_FALSE='#'
AMDEP_TRUE=''
AMTAR='${SHELL} /Users/osx/Desktop/kodi/xbmc/tools/depends/native/swig-native/x86_64-osx-native/Tools/config/missing --run tar'
ANDROID=''
ANT=''
AR='/usr/bin/ar'
AUTOCONF='/Users/Shared/xbmc-depends/buildtools-native/bin/autoconf'
AUTOHEADER='/Users/Shared/xbmc-depends/buildtools-native/bin/autoheader'
AUTOMAKE='/Users/Shared/xbmc-depends/buildtools-native/bin/automake'
AWK='awk'
BOOST_CPPFLAGS='-I/include/boost-0'
BOOST_LDFLAGS='-L/lib64'
CC='/Applications/Xcode.app/Contents/Developer/usr/bin/gcc'
CCDEPMODE='depmode=gcc3'
CCSHARED=''
CFLAGS='-I/Users/Shared/xbmc-depends/buildtools-native/include  -Wall -W -ansi -pedantic'
CHICKEN=''
CHICKENLIB=''
CHICKENOPTS=''
CHICKENSHAREDLIB=''
CHICKEN_CSC=''
CHICKEN_CSI=''
CLISPBIN=''
CPP='/Applications/Xcode.app/Contents/Developer/usr/bin/gcc -E'
CPPFLAGS='-I/Users/Shared/xbmc-depends/buildtools-native/include  -I/Users/Shared/xbmc-depends/buildtools-native/include -DPCRE_STATIC'
CSHARPCFLAGS=''
CSHARPCILINTERPRETER=''
CSHARPCILINTERPRETER_FLAGS=''
CSHARPCOMPILER=''
CSHARPCYGPATH_W=''
CSHARPDYNAMICLINKING=''
CSHARPLIBRARYPREFIX=''
CSHARPPATHSEPARATOR=''
CSHARPSO=''
CXX='/Applications/Xcode.app/Contents/Developer/usr/bin/g++'
CXXDEPMODE='depmode=gcc3'
CXXFLAGS='-I/Users/Shared/xbmc-depends/buildtools-native/include  -Wall -W -ansi -pedantic'
CXXSHARED='cc -bundle -undefined suppress -flat_namespace'
CYGPATH_W='echo'
D1COMPILER=''
D2COMPILER=''
DDEFAULTVERSION=''
DEFS='-DHAVE_CONFIG_H'
DEPDIR='.deps'
DLIBPREFIX='lib'
ECHO_C='\c'
ECHO_N=''
ECHO_T=''
EGREP='/usr/bin/grep -E'
ENABLE_CCACHE=''
EXEEXT=''
EXTRA_CLEAN=''
GCJ=''
GCJH=''
GO1='false'
GO=''
GOC=''
GOGCC='false'
GREP='/usr/bin/grep'
GUILE='yes'
GUILEINCLUDE=''
GUILELIB=''
GUILELINK=''
GUILE_CONFIG=''
GUILE_GH_INTERFACE=''
GUILE_SCM_INTERFACE=''
GUILE_SO='.so'
INSTALL_DATA='${INSTALL} -m 644'
INSTALL_PROGRAM='${INSTALL}'
INSTALL_SCRIPT='${INSTALL}'
INSTALL_STRIP_PROGRAM='$(install_sh) -c -s'
JAVA=''
JAVAC=''
JAVACFLAGS=''
JAVACXXSHARED=''
JAVADYNAMICLINKING=''
JAVAINC=''
JAVALDSHARED=''
JAVALIBRARYPREFIX=''
JAVASO=''
LDFLAGS='-L/Users/Shared/xbmc-depends/buildtools-native/lib '
LDSHARED='cc -bundle -undefined suppress -flat_namespace'
LIBC=''
LIBCRYPT=''
LIBM='-lm'
LIBOBJS=''
LIBS='-ldl  -L/Users/Shared/xbmc-depends/buildtools-native/lib -lpcre'
LINKFORSHARED=''
LTLIBOBJS=''
LUABIN='yes'
LUADYNAMICLINKING=''
LUAFLAGS=''
LUALINK=''
LUA_SO='.so'
MAKEINFO='${SHELL} /Users/osx/Desktop/kodi/xbmc/tools/depends/native/swig-native/x86_64-osx-native/Tools/config/missing --run makeinfo'
MKDIR_P='Tools/config/install-sh -c -d'
MZC=''
MZDYNOBJ=''
MZSCHEME=''
MZSCHEME_SO='.so'
NDKBUILD=''
OBJEXT='o'
OCAMLBIN=''
OCAMLC=''
OCAMLDLGEN=''
OCAMLFIND=''
OCAMLINC=''
OCAMLLOC=''
OCAMLMKTOP=''
OCAMLVER=''
OCTAVE=''
OCTAVE_CPPFLAGS=''
OCTAVE_CXXFLAGS=''
OCTAVE_LDFLAGS=''
OCTAVE_SO='.oct'
PACKAGE='swig'
PACKAGE_BUGREPORT='http://www.swig.org'
PACKAGE_NAME='swig'
PACKAGE_STRING='swig 2.0.8'
PACKAGE_TARNAME='swig'
PACKAGE_URL=''
PACKAGE_VERSION='2.0.8'
PATH_SEPARATOR=':'
PCRE_CFLAGS='-I/Users/Shared/xbmc-depends/buildtools-native/include -DPCRE_STATIC'
PCRE_CONFIG='/Users/Shared/xbmc-depends/buildtools-native/bin/pcre-config'
PCRE_LIBS='-L/Users/Shared/xbmc-depends/buildtools-native/lib -lpcre'
PERL5CCFLAGS=''
PERL5DYNAMICLINKING=''
PERL5EXT=''
PERL5LIB=''
PERL=''
PHP=''
PHPINC=''
PHP_SO='.so'
PIKE=''
PIKECCDLFLAGS=''
PIKECONFIG=''
PIKEDYNAMICLINKING=''
PIKEINCLUDE=''
PLATFLAGS=''
PY3CONFIG=''
PY3INCLUDE=''
PY3LIB=''
PY3LINK=''
PYINCLUDE=''
PYLIB=''
PYLINK=''
PYTHON3=''
PYTHON3DYNAMICLINKING=''
PYTHON=''
PYTHONDYNAMICLINKING=''
PYTHON_SO='.so'
RANLIB='/usr/bin/ranlib'
RBIN=''
ROOT_DIR='/Users/osx/Desktop/kodi/xbmc/tools/depends/native/swig-native/x86_64-osx-native'
RPATH=''
RUBY=''
RUBYCCDLFLAGS=''
RUBYDYNAMICLINKING=''
RUBYINCLUDE=''
RUBYLIB=''
RUBYLINK=''
SED='/usr/bin/sed'
SET_MAKE=''
SHELL='/bin/sh'
SKIP_ALLEGROCL='1'
SKIP_ANDROID='1'
SKIP_CFFI='1'
SKIP_CHICKEN='1'
SKIP_CLISP='1'
SKIP_CSHARP='1'
SKIP_D='1'
SKIP_GCJ='1'
SKIP_GO='1'
SKIP_GUILE='1'
SKIP_GUILESCM='1'
SKIP_JAVA='1'
SKIP_LUA='1'
SKIP_MODULA3='1'
SKIP_MZSCHEME='1'
SKIP_OCAML='1'
SKIP_OCTAVE='1'
SKIP_PERL5='1'
SKIP_PHP='1'
SKIP_PIKE='1'
SKIP_PYTHON3='1'
SKIP_PYTHON='1'
SKIP_R='1'
SKIP_RUBY='1'
SKIP_TCL='1'
SKIP_UFFI='1'
SO='.bundle'
STRIP='/usr/bin/strip'
SWIGLIBS=''
SWIG_LIB='/Users/Shared/xbmc-depends/buildtools-native/share/swig/2.0.8'
SWILL=''
TCLCXXSHARED=''
TCLDYNAMICLINKING=''
TCLINCLUDE=''
TCLLDSHARED=''
TCLLIB=''
TCL_SO='.dylib'
TRYLINKINGWITHCXX='CXXSHARED= /Applications/Xcode.app/Contents/Developer/usr/bin/g++ -bundle -undefined suppress -flat_namespace'
VERSION='2.0.8'
XINCLUDES=' -I/usr/X11/include'
XLIBSW='-lX11'
XMKMF=''
YACC='bison -y'
YFLAGS=''
YODL2HTML=''
YODL2MAN=''
ac_aux_dir='Tools/config'
ac_ct_CC='/Applications/Xcode.app/Contents/Developer/usr/bin/gcc'
ac_ct_CXX=''
am__EXEEXT_FALSE=''
am__EXEEXT_TRUE='#'
am__fastdepCC_FALSE='#'
am__fastdepCC_TRUE=''
am__fastdepCXX_FALSE='#'
am__fastdepCXX_TRUE=''
am__include='include'
am__isrc=''
am__leading_dot='.'
am__quote=''
am__tar='${AMTAR} chof - "$$tardir"'
am__untar='${AMTAR} xf -'
bindir='${exec_prefix}/bin'
build='i386-apple-darwin14.5.0'
build_alias=''
build_cpu='i386'
build_os='darwin14.5.0'
build_vendor='apple'
datadir='${datarootdir}'
datarootdir='${prefix}/share'
docdir='${datarootdir}/doc/${PACKAGE_TARNAME}'
dvidir='${docdir}'
exec_prefix='${prefix}'
host='i386-apple-darwin14.5.0'
host_alias=''
host_cpu='i386'
host_os='darwin14.5.0'
host_vendor='apple'
htmldir='${docdir}'
includedir='${prefix}/include'
infodir='${datarootdir}/info'
install_sh='${SHELL} /Users/osx/Desktop/kodi/xbmc/tools/depends/native/swig-native/x86_64-osx-native/Tools/config/install-sh'
libdir='${exec_prefix}/lib'
libexecdir='${exec_prefix}/libexec'
localedir='${datarootdir}/locale'
localstatedir='${prefix}/var'
mandir='${datarootdir}/man'
mkdir_p='$(top_builddir)/Tools/config/install-sh -c -d'
oldincludedir='/usr/include'
pdfdir='${docdir}'
prefix='/Users/Shared/xbmc-depends/buildtools-native'
program_transform_name='s,x,x,'
psdir='${docdir}'
sbindir='${exec_prefix}/sbin'
sharedstatedir='${prefix}/com'
subdirs=''
swig_lib='${datarootdir}/swig/2.0.8'
sysconfdir='${prefix}/etc'
target_alias=''

## ----------- ##
## confdefs.h. ##
## ----------- ##

/* confdefs.h */
#define PACKAGE_NAME "swig"
#define PACKAGE_TARNAME "swig"
#define PACKAGE_VERSION "2.0.8"
#define PACKAGE_STRING "swig 2.0.8"
#define PACKAGE_BUGREPORT "http://www.swig.org"
#define PACKAGE_URL ""
#define PACKAGE "swig"
#define VERSION "2.0.8"
#define SWIG_CXX "/Applications/Xcode.app/Contents/Developer/usr/bin/g++"
#define SWIG_PLATFORM "i386-apple-darwin14.5.0"
#define STDC_HEADERS 1
#define HAVE_SYS_TYPES_H 1
#define HAVE_SYS_STAT_H 1
#define HAVE_STDLIB_H 1
#define HAVE_STRING_H 1
#define HAVE_MEMORY_H 1
#define HAVE_STRINGS_H 1
#define HAVE_INTTYPES_H 1
#define HAVE_STDINT_H 1
#define HAVE_UNISTD_H 1
#define HAVE_BOOL 1
#define HAVE_POPEN 1
#define HAVE_PCRE 1
#define HAVE_LIBDL 1
#define SWIG_LIB "/Users/Shared/xbmc-depends/buildtools-native/share/swig/2.0.8"
#define SWIG_LIB_WIN_UNIX ""

configure: exit 0
