This file contains any messages produced by compilers while
running configure, to aid debugging if configure makes a mistake.

It was created by JsonSchemaBuilder configure 1.0, which was
generated by GNU Autoconf 2.68.  Invocation command line was

  $ ./configure --prefix=/Users/Shared/xbmc-depends/buildtools-native

## --------- ##
## Platform. ##
## --------- ##

hostname = Aruns-Mac.local
uname -m = x86_64
uname -r = 14.5.0
uname -s = Darwin
uname -v = Darwin Kernel Version 14.5.0: Wed Jul 29 02:26:53 PDT 2015; root:xnu-2782.40.9~1/RELEASE_X86_64

/usr/bin/uname -p = i386
/bin/uname -X     = unknown

/bin/arch              = unknown
/usr/bin/arch -k       = unknown
/usr/convex/getsysinfo = unknown
/usr/bin/hostinfo      = Mach kernel version:
	 Darwin Kernel Version 14.5.0: Wed Jul 29 02:26:53 PDT 2015; root:xnu-2782.40.9~1/RELEASE_X86_64
Kernel configured for up to 4 processors.
4 processors are physically available.
4 processors are logically available.
Processor type: x86_64h (Intel x86-64h Haswell)
Processors active: 0 1 2 3
Primary memory available: 8.00 gigabytes
Default processor set: 209 tasks, 925 threads, 4 processors
Load average: 1.48, Mach factor: 2.52
/bin/machine           = unknown
/usr/bin/oslevel       = unknown
/bin/universe          = unknown

PATH: /Applications/Xcode.app/Contents/Developer/bin
PATH: /Applications/Xcode.app/Contents/Developer/usr/bin
PATH: /Users/Shared/xbmc-depends/buildtools-native/bin
PATH: /Applications/Xcode.app/Contents/Developer/bin
PATH: /Applications/Xcode.app/Contents/Developer/usr/bin
PATH: /Users/Shared/xbmc-depends/buildtools-native/bin
PATH: /Applications/Xcode.app/Contents/Developer/bin
PATH: /Applications/Xcode.app/Contents/Developer/usr/bin
PATH: /Users/Shared/xbmc-depends/buildtools-native/bin
PATH: /Users/osx/.rvm/gems/ruby-2.3.0/bin
PATH: /Users/osx/.rvm/gems/ruby-2.3.0@global/bin
PATH: /Users/osx/.rvm/rubies/ruby-2.3.0/bin
PATH: /usr/local/bin
PATH: /usr/bin
PATH: /bin
PATH: /usr/sbin
PATH: /sbin
PATH: /opt/X11/bin
PATH: /usr/local/MacGPG2/bin
PATH: /Library/Frameworks/Mono.framework/Versions/Current/Commands
PATH: /Users/osx/Library/Android/sdk/tools
PATH: /Users/osx/Library/Android/sdk/platform-tools
PATH: /Users/osx/Android/android-ndk-r10e
PATH: /Users/osx/Library/Android/sdk/build-tools
PATH: /Users/osx/.rvm/bin


## ----------- ##
## Core tests. ##
## ----------- ##

configure:1665: loading site script /Users/Shared/xbmc-depends/buildtools-native/share/config.site
| LD="${LD:-/Applications/Xcode.app/Contents/Developer/usr/bin/ld}"
| CC="${CC:-/Applications/Xcode.app/Contents/Developer/usr/bin/gcc}"
| CXX="${CXX:-/Applications/Xcode.app/Contents/Developer/usr/bin/g++}"
| AR="${AR:-/usr/bin/ar}"
| RANLIB="${RANLIB:-/usr/bin/ranlib}"
| AS="${AS:-/usr/bin/as}"
| NM="${NM:-/usr/bin/nm}"
| STRIP="${STRIP:-/usr/bin/strip}"
| READELF="${READELF:-readelf}"
| OBJDUMP="${OBJDUMP:-objdump}"
| 
| CFLAGS="-I/Users/Shared/xbmc-depends/buildtools-native/include $CFLAGS"
| LDFLAGS="-L/Users/Shared/xbmc-depends/buildtools-native/lib $LDFLAGS"
| CPPFLAGS="-I/Users/Shared/xbmc-depends/buildtools-native/include $CPPFLAGS"
| CXXFLAGS="-I/Users/Shared/xbmc-depends/buildtools-native/include $CXXFLAGS"
| 
| PKG_CONFIG=/Users/Shared/xbmc-depends/buildtools-native/bin/pkg-config
| export PKG_CONFIG_LIBDIR=/Users/Shared/xbmc-depends/buildtools-native/lib/pkgconfig
| 
| PATH=/Users/Shared/xbmc-depends/buildtools-native/bin:$PATH
| if test -n "/Applications/Xcode.app/Contents/Developer"; then
|   PATH=/Applications/Xcode.app/Contents/Developer/usr/bin:/Applications/Xcode.app/Contents/Developer/bin:$PATH
| fi
| 
| LD_LIBRARY_PATH=/Users/Shared/xbmc-depends/buildtools-native/lib:$LD_LIBRARY_PATH
| NASM=/Users/Shared/xbmc-depends/buildtools-native/bin/yasm
configure:1808: checking for a BSD-compatible install
configure:1876: result: /usr/bin/install -c
configure:1887: checking whether build environment is sane
configure:1937: result: yes
configure:2078: checking for a thread-safe mkdir -p
configure:2117: result: config/install-sh -c -d
configure:2130: checking for gawk
configure:2160: result: no
configure:2130: checking for mawk
configure:2160: result: no
configure:2130: checking for nawk
configure:2160: result: no
configure:2130: checking for awk
configure:2146: found /usr/bin/awk
configure:2157: result: awk
configure:2168: checking whether make sets $(MAKE)
configure:2190: result: yes
configure:2383: checking for C++ compiler version
configure:2392: /Applications/Xcode.app/Contents/Developer/usr/bin/g++ --version >&5
Apple LLVM version 7.0.2 (clang-700.1.81)
Target: x86_64-apple-darwin14.5.0
Thread model: posix
Configured with: --prefix=/Applications/Xcode.app/Contents/Developer/usr --with-gxx-include-dir=/usr/include/c++/4.2.1
configure:2403: $? = 0
configure:2392: /Applications/Xcode.app/Contents/Developer/usr/bin/g++ -v >&5
Configured with: --prefix=/Applications/Xcode.app/Contents/Developer/usr --with-gxx-include-dir=/usr/include/c++/4.2.1
Apple LLVM version 7.0.2 (clang-700.1.81)
Target: x86_64-apple-darwin14.5.0
Thread model: posix
configure:2403: $? = 0
configure:2392: /Applications/Xcode.app/Contents/Developer/usr/bin/g++ -V >&5
clang: error: argument to '-V' is missing (expected 1 value)
clang: error: no input files
configure:2403: $? = 1
configure:2392: /Applications/Xcode.app/Contents/Developer/usr/bin/g++ -qversion >&5
clang: error: unknown argument: '-qversion'
clang: error: no input files
configure:2403: $? = 1
configure:2423: checking whether the C++ compiler works
configure:2445: /Applications/Xcode.app/Contents/Developer/usr/bin/g++ -I/Users/Shared/xbmc-depends/buildtools-native/include  -I/Users/Shared/xbmc-depends/buildtools-native/include  -L/Users/Shared/xbmc-depends/buildtools-native/lib  conftest.cpp  >&5
configure:2449: $? = 0
configure:2497: result: yes
configure:2500: checking for C++ compiler default output file name
configure:2502: result: a.out
configure:2508: checking for suffix of executables
configure:2515: /Applications/Xcode.app/Contents/Developer/usr/bin/g++ -o conftest -I/Users/Shared/xbmc-depends/buildtools-native/include  -I/Users/Shared/xbmc-depends/buildtools-native/include  -L/Users/Shared/xbmc-depends/buildtools-native/lib  conftest.cpp  >&5
configure:2519: $? = 0
configure:2541: result: 
configure:2563: checking whether we are cross compiling
configure:2571: /Applications/Xcode.app/Contents/Developer/usr/bin/g++ -o conftest -I/Users/Shared/xbmc-depends/buildtools-native/include  -I/Users/Shared/xbmc-depends/buildtools-native/include  -L/Users/Shared/xbmc-depends/buildtools-native/lib  conftest.cpp  >&5
configure:2575: $? = 0
configure:2582: ./conftest
configure:2586: $? = 0
configure:2601: result: no
configure:2606: checking for suffix of object files
configure:2628: /Applications/Xcode.app/Contents/Developer/usr/bin/g++ -c -I/Users/Shared/xbmc-depends/buildtools-native/include  -I/Users/Shared/xbmc-depends/buildtools-native/include  conftest.cpp >&5
configure:2632: $? = 0
configure:2653: result: o
configure:2657: checking whether we are using the GNU C++ compiler
configure:2676: /Applications/Xcode.app/Contents/Developer/usr/bin/g++ -c -I/Users/Shared/xbmc-depends/buildtools-native/include  -I/Users/Shared/xbmc-depends/buildtools-native/include  conftest.cpp >&5
configure:2676: $? = 0
configure:2685: result: yes
configure:2694: checking whether /Applications/Xcode.app/Contents/Developer/usr/bin/g++ accepts -g
configure:2714: /Applications/Xcode.app/Contents/Developer/usr/bin/g++ -c -g -I/Users/Shared/xbmc-depends/buildtools-native/include  conftest.cpp >&5
configure:2714: $? = 0
configure:2755: result: yes
configure:2789: checking for style of include used by make
configure:2817: result: GNU
configure:2843: checking dependency style of /Applications/Xcode.app/Contents/Developer/usr/bin/g++
configure:2954: result: gcc3
configure:3138: creating ./config.status

## ---------------------- ##
## Running config.status. ##
## ---------------------- ##

This file was extended by JsonSchemaBuilder config.status 1.0, which was
generated by GNU Autoconf 2.68.  Invocation command line was

  CONFIG_FILES    = 
  CONFIG_HEADERS  = 
  CONFIG_LINKS    = 
  CONFIG_COMMANDS = 
  $ ./config.status 

on Aruns-Mac.local

config.status:780: creating Makefile
config.status:952: executing depfiles commands

## ---------------- ##
## Cache variables. ##
## ---------------- ##

ac_cv_cxx_compiler_gnu=yes
ac_cv_env_CCC_set=
ac_cv_env_CCC_value=
ac_cv_env_CPPFLAGS_set=
ac_cv_env_CPPFLAGS_value=
ac_cv_env_CXXFLAGS_set=
ac_cv_env_CXXFLAGS_value=
ac_cv_env_CXX_set=
ac_cv_env_CXX_value=
ac_cv_env_LDFLAGS_set=
ac_cv_env_LDFLAGS_value=
ac_cv_env_LIBS_set=
ac_cv_env_LIBS_value=
ac_cv_env_build_alias_set=
ac_cv_env_build_alias_value=
ac_cv_env_host_alias_set=
ac_cv_env_host_alias_value=
ac_cv_env_target_alias_set=
ac_cv_env_target_alias_value=
ac_cv_objext=o
ac_cv_path_install='/usr/bin/install -c'
ac_cv_prog_AWK=awk
ac_cv_prog_cxx_g=yes
ac_cv_prog_make_make_set=yes
am_cv_CXX_dependencies_compiler_type=gcc3

## ----------------- ##
## Output variables. ##
## ----------------- ##

ACLOCAL='/Users/Shared/xbmc-depends/buildtools-native/bin/aclocal'
AMDEPBACKSLASH='\'
AMDEP_FALSE='#'
AMDEP_TRUE=''
AMTAR='$${TAR-tar}'
AUTOCONF='/Users/Shared/xbmc-depends/buildtools-native/bin/autoconf'
AUTOHEADER='/Users/Shared/xbmc-depends/buildtools-native/bin/autoheader'
AUTOMAKE='/Users/Shared/xbmc-depends/buildtools-native/bin/automake'
AWK='awk'
CPPFLAGS='-I/Users/Shared/xbmc-depends/buildtools-native/include '
CXX='/Applications/Xcode.app/Contents/Developer/usr/bin/g++'
CXXDEPMODE='depmode=gcc3'
CXXFLAGS='-I/Users/Shared/xbmc-depends/buildtools-native/include '
CYGPATH_W='echo'
DEFS='-DPACKAGE_NAME=\"JsonSchemaBuilder\" -DPACKAGE_TARNAME=\"jsonschemabuilder\" -DPACKAGE_VERSION=\"1.0\" -DPACKAGE_STRING=\"JsonSchemaBuilder\ 1.0\" -DPACKAGE_BUGREPORT=\"me@mail.com\" -DPACKAGE_URL=\"\" -DPACKAGE=\"jsonschemabuilder\" -DVERSION=\"1.0\"'
DEPDIR='.deps'
ECHO_C='\c'
ECHO_N=''
ECHO_T=''
EXEEXT=''
INSTALL_DATA='${INSTALL} -m 644'
INSTALL_PROGRAM='${INSTALL}'
INSTALL_SCRIPT='${INSTALL}'
INSTALL_STRIP_PROGRAM='$(install_sh) -c -s'
LDFLAGS='-L/Users/Shared/xbmc-depends/buildtools-native/lib '
LIBOBJS=''
LIBS=''
LTLIBOBJS=''
MAKEINFO='${SHELL} /Users/osx/Desktop/kodi/xbmc/tools/depends/native/JsonSchemaBuilder/x86_64-osx-native/config/missing --run makeinfo'
MKDIR_P='config/install-sh -c -d'
OBJEXT='o'
PACKAGE='jsonschemabuilder'
PACKAGE_BUGREPORT='me@mail.com'
PACKAGE_NAME='JsonSchemaBuilder'
PACKAGE_STRING='JsonSchemaBuilder 1.0'
PACKAGE_TARNAME='jsonschemabuilder'
PACKAGE_URL=''
PACKAGE_VERSION='1.0'
PATH_SEPARATOR=':'
SET_MAKE=''
SHELL='/bin/sh'
STRIP='/usr/bin/strip'
VERSION='1.0'
ac_ct_CXX=''
am__EXEEXT_FALSE=''
am__EXEEXT_TRUE='#'
am__fastdepCXX_FALSE='#'
am__fastdepCXX_TRUE=''
am__include='include'
am__isrc=''
am__leading_dot='.'
am__nodep='_no'
am__quote=''
am__tar='$${TAR-tar} chof - "$$tardir"'
am__untar='$${TAR-tar} xf -'
bindir='${exec_prefix}/bin'
build_alias=''
datadir='${datarootdir}'
datarootdir='${prefix}/share'
docdir='${datarootdir}/doc/${PACKAGE_TARNAME}'
dvidir='${docdir}'
exec_prefix='${prefix}'
host_alias=''
htmldir='${docdir}'
includedir='${prefix}/include'
infodir='${datarootdir}/info'
install_sh='${SHELL} /Users/osx/Desktop/kodi/xbmc/tools/depends/native/JsonSchemaBuilder/x86_64-osx-native/config/install-sh'
libdir='${exec_prefix}/lib'
libexecdir='${exec_prefix}/libexec'
localedir='${datarootdir}/locale'
localstatedir='${prefix}/var'
mandir='${datarootdir}/man'
mkdir_p='$(top_builddir)/config/install-sh -c -d'
oldincludedir='/usr/include'
pdfdir='${docdir}'
prefix='/Users/Shared/xbmc-depends/buildtools-native'
program_transform_name='s,x,x,'
psdir='${docdir}'
sbindir='${exec_prefix}/sbin'
sharedstatedir='${prefix}/com'
sysconfdir='${prefix}/etc'
target_alias=''

## ----------- ##
## confdefs.h. ##
## ----------- ##

/* confdefs.h */
#define PACKAGE_NAME "JsonSchemaBuilder"
#define PACKAGE_TARNAME "jsonschemabuilder"
#define PACKAGE_VERSION "1.0"
#define PACKAGE_STRING "JsonSchemaBuilder 1.0"
#define PACKAGE_BUGREPORT "me@mail.com"
#define PACKAGE_URL ""
#define PACKAGE "jsonschemabuilder"
#define VERSION "1.0"

configure: exit 0
