This file contains any messages produced by compilers while
running configure, to aid debugging if configure makes a mistake.

It was created by GNU Automake configure 1.11.3, which was
generated by GNU Autoconf 2.68.  Invocation command line was

  $ ./configure --prefix=/Users/Shared/xbmc-depends/buildtools-native

## --------- ##
## Platform. ##
## --------- ##

hostname = Aruns-Mac.local
uname -m = x86_64
uname -r = 14.5.0
uname -s = Darwin
uname -v = Darwin Kernel Version 14.5.0: Wed Jul 29 02:26:53 PDT 2015; root:xnu-2782.40.9~1/RELEASE_X86_64

/usr/bin/uname -p = i386
/bin/uname -X     = unknown

/bin/arch              = unknown
/usr/bin/arch -k       = unknown
/usr/convex/getsysinfo = unknown
/usr/bin/hostinfo      = Mach kernel version:
	 Darwin Kernel Version 14.5.0: Wed Jul 29 02:26:53 PDT 2015; root:xnu-2782.40.9~1/RELEASE_X86_64
Kernel configured for up to 4 processors.
4 processors are physically available.
4 processors are logically available.
Processor type: x86_64h (Intel x86-64h Haswell)
Processors active: 0 1 2 3
Primary memory available: 8.00 gigabytes
Default processor set: 204 tasks, 902 threads, 4 processors
Load average: 5.34, Mach factor: 1.43
/bin/machine           = unknown
/usr/bin/oslevel       = unknown
/bin/universe          = unknown

PATH: /Applications/Xcode.app/Contents/Developer/bin
PATH: /Applications/Xcode.app/Contents/Developer/usr/bin
PATH: /Users/Shared/xbmc-depends/buildtools-native/bin
PATH: /Applications/Xcode.app/Contents/Developer/bin
PATH: /Applications/Xcode.app/Contents/Developer/usr/bin
PATH: /Users/Shared/xbmc-depends/buildtools-native/bin
PATH: /Applications/Xcode.app/Contents/Developer/bin
PATH: /Applications/Xcode.app/Contents/Developer/usr/bin
PATH: /Users/Shared/xbmc-depends/buildtools-native/bin
PATH: /Users/osx/.rvm/gems/ruby-2.3.0/bin
PATH: /Users/osx/.rvm/gems/ruby-2.3.0@global/bin
PATH: /Users/osx/.rvm/rubies/ruby-2.3.0/bin
PATH: /usr/local/bin
PATH: /usr/bin
PATH: /bin
PATH: /usr/sbin
PATH: /sbin
PATH: /opt/X11/bin
PATH: /usr/local/MacGPG2/bin
PATH: /Library/Frameworks/Mono.framework/Versions/Current/Commands
PATH: /Users/osx/Library/Android/sdk/tools
PATH: /Users/osx/Library/Android/sdk/platform-tools
PATH: /Users/osx/Android/android-ndk-r10e
PATH: /Users/osx/Library/Android/sdk/build-tools
PATH: /Users/osx/.rvm/bin


## ----------- ##
## Core tests. ##
## ----------- ##

configure:1621: loading site script /Users/Shared/xbmc-depends/buildtools-native/share/config.site
| LD="${LD:-/Applications/Xcode.app/Contents/Developer/usr/bin/ld}"
| CC="${CC:-/Applications/Xcode.app/Contents/Developer/usr/bin/gcc}"
| CXX="${CXX:-/Applications/Xcode.app/Contents/Developer/usr/bin/g++}"
| AR="${AR:-/usr/bin/ar}"
| RANLIB="${RANLIB:-/usr/bin/ranlib}"
| AS="${AS:-/usr/bin/as}"
| NM="${NM:-/usr/bin/nm}"
| STRIP="${STRIP:-/usr/bin/strip}"
| READELF="${READELF:-readelf}"
| OBJDUMP="${OBJDUMP:-objdump}"
| 
| CFLAGS="-I/Users/Shared/xbmc-depends/buildtools-native/include $CFLAGS"
| LDFLAGS="-L/Users/Shared/xbmc-depends/buildtools-native/lib $LDFLAGS"
| CPPFLAGS="-I/Users/Shared/xbmc-depends/buildtools-native/include $CPPFLAGS"
| CXXFLAGS="-I/Users/Shared/xbmc-depends/buildtools-native/include $CXXFLAGS"
| 
| PKG_CONFIG=/Users/Shared/xbmc-depends/buildtools-native/bin/pkg-config
| export PKG_CONFIG_LIBDIR=/Users/Shared/xbmc-depends/buildtools-native/lib/pkgconfig
| 
| PATH=/Users/Shared/xbmc-depends/buildtools-native/bin:$PATH
| if test -n "/Applications/Xcode.app/Contents/Developer"; then
|   PATH=/Applications/Xcode.app/Contents/Developer/usr/bin:/Applications/Xcode.app/Contents/Developer/bin:$PATH
| fi
| 
| LD_LIBRARY_PATH=/Users/Shared/xbmc-depends/buildtools-native/lib:$LD_LIBRARY_PATH
| NASM=/Users/Shared/xbmc-depends/buildtools-native/bin/yasm
configure:1760: checking whether make supports nested variables
configure:1777: result: yes
configure:1793: checking build system type
configure:1807: result: x86_64-apple-darwin14.5.0
configure:1859: checking for a BSD-compatible install
configure:1927: result: /usr/bin/install -c
configure:1938: checking whether build environment is sane
configure:1988: result: yes
configure:2129: checking for a thread-safe mkdir -p
configure:2168: result: lib/install-sh -c -d
configure:2181: checking for gawk
configure:2211: result: no
configure:2181: checking for mawk
configure:2211: result: no
configure:2181: checking for nawk
configure:2211: result: no
configure:2181: checking for awk
configure:2197: found /usr/bin/awk
configure:2208: result: awk
configure:2219: checking whether make sets $(MAKE)
configure:2241: result: yes
configure:2343: checking for perl
configure:2361: found /usr/bin/perl
configure:2373: result: /usr/bin/perl
configure:2385: /usr/bin/perl --version

This is perl 5, version 18, subversion 2 (v5.18.2) built for darwin-thread-multi-2level
(with 2 registered patches, see perl -V for more detail)

Copyright 1987-2013, Larry Wall

Perl may be copied only under the terms of either the Artistic License or the
GNU General Public License, which may be found in the Perl 5 source kit.

Complete documentation for Perl, including FAQ lists, should be found on
this system using "man perl" or "perldoc perl".  If you have access to the
Internet, point your browser at http://www.perl.org/, the Perl Home Page.

configure:2388: $? = 0
configure:2398: checking whether /usr/bin/perl supports ithreads
configure:2421: result: yes
configure:2433: checking for tex
configure:2463: result: no
configure:2471:  --version </dev/null
./configure: line 2472: --version: command not found
configure:2474: $? = 127
configure:2489: checking whether autoconf is installed
configure:2494: /Users/Shared/xbmc-depends/buildtools-native/bin/autoconf --version
autoconf (GNU Autoconf) 2.68
Copyright (C) 2010 Free Software Foundation, Inc.
License GPLv3+/Autoconf: GNU GPL version 3 or later
<http://gnu.org/licenses/gpl.html>, <http://gnu.org/licenses/exceptions.html>
This is free software: you are free to change and redistribute it.
There is NO WARRANTY, to the extent permitted by law.

Written by David J. MacKenzie and Akim Demaille.
configure:2497: $? = 0
configure:2505: result: yes
configure:2512: checking whether autoconf works
configure:2519: cd conftest && /Users/Shared/xbmc-depends/buildtools-native/bin/autoconf -o /dev/null conftest.ac
configure:2522: $? = 0
configure:2531: result: yes
configure:2538: checking whether autoconf is recent enough
configure:2545: cd conftest && /Users/Shared/xbmc-depends/buildtools-native/bin/autoconf -o /dev/null conftest.ac
configure:2548: $? = 0
configure:2557: result: yes
configure:2564: checking whether ln works
configure:2584: result: yes
configure:2599: checking for grep that handles long lines and -e
configure:2657: result: /usr/bin/grep
configure:2662: checking for egrep
configure:2724: result: /usr/bin/grep -E
configure:2729: checking for fgrep
configure:2791: result: /usr/bin/grep -F
configure:2797: checking whether /bin/sh has working 'set -e' with exit trap
configure:2810: result: yes
configure:2981: creating ./config.status

## ---------------------- ##
## Running config.status. ##
## ---------------------- ##

This file was extended by GNU Automake config.status 1.11.3, which was
generated by GNU Autoconf 2.68.  Invocation command line was

  CONFIG_FILES    = 
  CONFIG_HEADERS  = 
  CONFIG_LINKS    = 
  CONFIG_COMMANDS = 
  $ ./config.status 

on Aruns-Mac.local

config.status:794: creating Makefile
config.status:794: creating contrib/Makefile
config.status:794: creating doc/Makefile
config.status:794: creating lib/Automake/Makefile
config.status:794: creating lib/Makefile
config.status:794: creating lib/am/Makefile
config.status:794: creating m4/Makefile
config.status:794: creating tests/Makefile
config.status:794: creating tests/defs
config.status:794: creating tests/aclocal-1.11
config.status:794: creating tests/automake-1.11

## ---------------- ##
## Cache variables. ##
## ---------------- ##

ac_cv_build=x86_64-apple-darwin14.5.0
ac_cv_env_build_alias_set=
ac_cv_env_build_alias_value=
ac_cv_env_host_alias_set=
ac_cv_env_host_alias_value=
ac_cv_env_target_alias_set=
ac_cv_env_target_alias_value=
ac_cv_path_EGREP='/usr/bin/grep -E'
ac_cv_path_FGREP='/usr/bin/grep -F'
ac_cv_path_GREP=/usr/bin/grep
ac_cv_path_PERL=/usr/bin/perl
ac_cv_path_install='/usr/bin/install -c'
ac_cv_prog_AWK=awk
ac_cv_prog_make_make_set=yes
am_cv_autoconf_installed=yes
am_cv_autoconf_version=yes
am_cv_autoconf_works=yes
am_cv_make_support_nested_variables=yes
am_cv_prog_PERL_ithreads=yes
am_cv_prog_ln=ln
am_cv_sh_errexit_works=yes

## ----------------- ##
## Output variables. ##
## ----------------- ##

ACLOCAL='perllibdir="/Users/osx/Desktop/kodi/xbmc/tools/depends/native/automake-native/x86_64-osx-native/lib:./lib" "/Users/osx/Desktop/kodi/xbmc/tools/depends/native/automake-native/x86_64-osx-native/aclocal" --acdir=m4 -I m4'
AMTAR='$${TAR-tar}'
AM_BACKSLASH='\'
AM_DEFAULT_V='$(AM_DEFAULT_VERBOSITY)'
AM_DEFAULT_VERBOSITY='0'
AM_V='$(V)'
APIVERSION='1.11'
AUTOCONF='/Users/Shared/xbmc-depends/buildtools-native/bin/autoconf'
AUTOHEADER='/Users/Shared/xbmc-depends/buildtools-native/bin/autoheader'
AUTOMAKE='perllibdir="/Users/osx/Desktop/kodi/xbmc/tools/depends/native/automake-native/x86_64-osx-native/lib:./lib" "/Users/osx/Desktop/kodi/xbmc/tools/depends/native/automake-native/x86_64-osx-native/automake" --libdir=lib'
AWK='awk'
CYGPATH_W='echo'
DEFS='-DPACKAGE_NAME=\"GNU\ Automake\" -DPACKAGE_TARNAME=\"automake\" -DPACKAGE_VERSION=\"1.11.3\" -DPACKAGE_STRING=\"GNU\ Automake\ 1.11.3\" -DPACKAGE_BUGREPORT=\"bug-automake@gnu.org\" -DPACKAGE_URL=\"http://www.gnu.org/software/automake/\" -DPACKAGE=\"automake\" -DVERSION=\"1.11.3\"'
ECHO_C='\c'
ECHO_N=''
ECHO_T=''
EGREP='/usr/bin/grep -E'
FGREP='/usr/bin/grep -F'
GREP='/usr/bin/grep'
HELP2MAN='${SHELL} /Users/osx/Desktop/kodi/xbmc/tools/depends/native/automake-native/x86_64-osx-native/lib/missing --run help2man'
INSTALL_DATA='${INSTALL} -m 644'
INSTALL_PROGRAM='${INSTALL}'
INSTALL_SCRIPT='${INSTALL}'
INSTALL_STRIP_PROGRAM='$(install_sh) -c -s'
LIBOBJS=''
LIBS=''
LN='ln'
LTLIBOBJS=''
MAKEINFO='${SHELL} /Users/osx/Desktop/kodi/xbmc/tools/depends/native/automake-native/x86_64-osx-native/lib/missing --run makeinfo'
MKDIR_P='lib/install-sh -c -d'
MODIFICATION_DELAY='2'
PACKAGE='automake'
PACKAGE_BUGREPORT='bug-automake@gnu.org'
PACKAGE_NAME='GNU Automake'
PACKAGE_STRING='GNU Automake 1.11.3'
PACKAGE_TARNAME='automake'
PACKAGE_URL='http://www.gnu.org/software/automake/'
PACKAGE_VERSION='1.11.3'
PATH_SEPARATOR=':'
PERL='/usr/bin/perl'
PERL_THREADS='1'
SET_MAKE=''
SHELL='/bin/sh'
STRIP='/usr/bin/strip'
TEX=''
VERSION='1.11.3'
am_AUTOCONF='/Users/Shared/xbmc-depends/buildtools-native/bin/autoconf'
am_AUTOHEADER='/Users/Shared/xbmc-depends/buildtools-native/bin/autoheader'
am_AUTOM4TE='/Users/Shared/xbmc-depends/buildtools-native/bin/autom4te'
am_AUTORECONF='/Users/Shared/xbmc-depends/buildtools-native/bin/autoreconf'
am_AUTOUPDATE='autoupdate'
am__isrc=''
am__leading_dot='.'
am__tar='$${TAR-tar} chof - "$$tardir"'
am__untar='$${TAR-tar} xf -'
bindir='${exec_prefix}/bin'
build='x86_64-apple-darwin14.5.0'
build_alias=''
build_cpu='x86_64'
build_os='darwin14.5.0'
build_vendor='apple'
datadir='${datarootdir}'
datarootdir='${prefix}/share'
docdir='${datarootdir}/doc/${PACKAGE_TARNAME}'
dvidir='${docdir}'
exec_prefix='${prefix}'
host_alias=''
htmldir='${docdir}'
includedir='${prefix}/include'
infodir='${datarootdir}/info'
install_sh='${SHELL} /Users/osx/Desktop/kodi/xbmc/tools/depends/native/automake-native/x86_64-osx-native/lib/install-sh'
libdir='${exec_prefix}/lib'
libexecdir='${exec_prefix}/libexec'
localedir='${datarootdir}/locale'
localstatedir='${prefix}/var'
mandir='${datarootdir}/man'
mkdir_p='$(top_builddir)/lib/install-sh -c -d'
oldincludedir='/usr/include'
pdfdir='${docdir}'
pkgvdatadir='${datadir}/automake-1.11'
prefix='/Users/Shared/xbmc-depends/buildtools-native'
program_transform_name='s,x,x,'
psdir='${docdir}'
sbindir='${exec_prefix}/sbin'
sh_errexit_works='yes'
sharedstatedir='${prefix}/com'
sysconfdir='${prefix}/etc'
target_alias=''

## ----------- ##
## confdefs.h. ##
## ----------- ##

/* confdefs.h */
#define PACKAGE_NAME "GNU Automake"
#define PACKAGE_TARNAME "automake"
#define PACKAGE_VERSION "1.11.3"
#define PACKAGE_STRING "GNU Automake 1.11.3"
#define PACKAGE_BUGREPORT "bug-automake@gnu.org"
#define PACKAGE_URL "http://www.gnu.org/software/automake/"
#define PACKAGE "automake"
#define VERSION "1.11.3"

configure: exit 0
